{"C:\\Users\\savel\\Documents\\petpals\\PROJECT\\SPRINT2\\backend\\server.js": {"path":"C:\\Users\\savel\\Documents\\petpals\\PROJECT\\SPRINT2\\backend\\server.js","statementMap":{"0":{"start":{"line":1,"column":16},"end":{"line":1,"column":34}},"1":{"start":{"line":2,"column":17},"end":{"line":2,"column":36}},"2":{"start":{"line":3,"column":13},"end":{"line":3,"column":28}},"3":{"start":{"line":4,"column":21},"end":{"line":4,"column":45}},"4":{"start":{"line":5,"column":19},"end":{"line":5,"column":41}},"5":{"start":{"line":6,"column":18},"end":{"line":6,"column":40}},"6":{"start":{"line":7,"column":15},"end":{"line":7,"column":32}},"7":{"start":{"line":9,"column":19},"end":{"line":9,"column":50}},"8":{"start":{"line":10,"column":19},"end":{"line":10,"column":50}},"9":{"start":{"line":11,"column":19},"end":{"line":11,"column":50}},"10":{"start":{"line":12,"column":22},"end":{"line":12,"column":56}},"11":{"start":{"line":13,"column":21},"end":{"line":13,"column":54}},"12":{"start":{"line":14,"column":22},"end":{"line":14,"column":56}},"13":{"start":{"line":15,"column":27},"end":{"line":15,"column":59}},"14":{"start":{"line":16,"column":31},"end":{"line":16,"column":67}},"15":{"start":{"line":18,"column":13},"end":{"line":18,"column":42}},"16":{"start":{"line":20,"column":12},"end":{"line":20,"column":21}},"17":{"start":{"line":21,"column":0},"end":{"line":21,"column":48}},"18":{"start":{"line":22,"column":0},"end":{"line":22,"column":24}},"19":{"start":{"line":23,"column":0},"end":{"line":23,"column":24}},"20":{"start":{"line":24,"column":0},"end":{"line":24,"column":16}},"21":{"start":{"line":25,"column":0},"end":{"line":25,"column":44}},"22":{"start":{"line":28,"column":16},"end":{"line":28,"column":38}},"23":{"start":{"line":29,"column":15},"end":{"line":29,"column":83}},"24":{"start":{"line":32,"column":20},"end":{"line":35,"column":1}},"25":{"start":{"line":37,"column":0},"end":{"line":37,"column":27}},"26":{"start":{"line":40,"column":0},"end":{"line":55,"column":3}},"27":{"start":{"line":41,"column":2},"end":{"line":41,"column":70}},"28":{"start":{"line":44,"column":2},"end":{"line":44,"column":49}},"29":{"start":{"line":46,"column":2},"end":{"line":53,"column":3}},"30":{"start":{"line":47,"column":26},"end":{"line":47,"column":41}},"31":{"start":{"line":48,"column":4},"end":{"line":50,"column":5}},"32":{"start":{"line":49,"column":6},"end":{"line":49,"column":73}},"33":{"start":{"line":52,"column":4},"end":{"line":52,"column":49}},"34":{"start":{"line":54,"column":2},"end":{"line":54,"column":9}},"35":{"start":{"line":58,"column":0},"end":{"line":70,"column":3}},"36":{"start":{"line":59,"column":2},"end":{"line":59,"column":27}},"37":{"start":{"line":61,"column":2},"end":{"line":63,"column":3}},"38":{"start":{"line":62,"column":4},"end":{"line":62,"column":85}},"39":{"start":{"line":65,"column":2},"end":{"line":67,"column":3}},"40":{"start":{"line":66,"column":4},"end":{"line":66,"column":21}},"41":{"start":{"line":69,"column":2},"end":{"line":69,"column":81}},"42":{"start":{"line":73,"column":0},"end":{"line":73,"column":28}},"43":{"start":{"line":74,"column":0},"end":{"line":74,"column":28}},"44":{"start":{"line":75,"column":0},"end":{"line":75,"column":28}},"45":{"start":{"line":76,"column":0},"end":{"line":76,"column":31}},"46":{"start":{"line":77,"column":0},"end":{"line":77,"column":30}},"47":{"start":{"line":78,"column":0},"end":{"line":78,"column":31}},"48":{"start":{"line":81,"column":0},"end":{"line":103,"column":3}},"49":{"start":{"line":82,"column":2},"end":{"line":102,"column":3}},"50":{"start":{"line":83,"column":24},"end":{"line":83,"column":32}},"51":{"start":{"line":84,"column":19},"end":{"line":84,"column":67}},"52":{"start":{"line":84,"column":43},"end":{"line":84,"column":65}},"53":{"start":{"line":87,"column":4},"end":{"line":87,"column":55}},"54":{"start":{"line":88,"column":4},"end":{"line":88,"column":55}},"55":{"start":{"line":91,"column":20},"end":{"line":94,"column":6}},"56":{"start":{"line":96,"column":22},"end":{"line":96,"column":42}},"57":{"start":{"line":98,"column":4},"end":{"line":98,"column":60}},"58":{"start":{"line":100,"column":4},"end":{"line":100,"column":57}},"59":{"start":{"line":101,"column":4},"end":{"line":101,"column":61}},"60":{"start":{"line":106,"column":0},"end":{"line":106,"column":28}},"61":{"start":{"line":107,"column":0},"end":{"line":107,"column":32}},"62":{"start":{"line":109,"column":13},"end":{"line":109,"column":37}},"63":{"start":{"line":111,"column":0},"end":{"line":111,"column":12}},"64":{"start":{"line":113,"column":15},"end":{"line":116,"column":2}},"65":{"start":{"line":114,"column":2},"end":{"line":114,"column":68}},"66":{"start":{"line":115,"column":2},"end":{"line":115,"column":39}},"67":{"start":{"line":119,"column":0},"end":{"line":119,"column":21}},"68":{"start":{"line":122,"column":0},"end":{"line":126,"column":1}},"69":{"start":{"line":123,"column":17},"end":{"line":125,"column":4}},"70":{"start":{"line":124,"column":4},"end":{"line":124,"column":70}}},"fnMap":{"0":{"name":"(anonymous_0)","decl":{"start":{"line":40,"column":8},"end":{"line":40,"column":9}},"loc":{"start":{"line":40,"column":28},"end":{"line":55,"column":1}},"line":40},"1":{"name":"(anonymous_1)","decl":{"start":{"line":58,"column":8},"end":{"line":58,"column":9}},"loc":{"start":{"line":58,"column":33},"end":{"line":70,"column":1}},"line":58},"2":{"name":"(anonymous_2)","decl":{"start":{"line":81,"column":50},"end":{"line":81,"column":51}},"loc":{"start":{"line":81,"column":70},"end":{"line":103,"column":1}},"line":81},"3":{"name":"(anonymous_3)","decl":{"start":{"line":84,"column":33},"end":{"line":84,"column":34}},"loc":{"start":{"line":84,"column":43},"end":{"line":84,"column":65}},"line":84},"4":{"name":"(anonymous_4)","decl":{"start":{"line":113,"column":32},"end":{"line":113,"column":33}},"loc":{"start":{"line":113,"column":38},"end":{"line":116,"column":1}},"line":113},"5":{"name":"(anonymous_5)","decl":{"start":{"line":123,"column":34},"end":{"line":123,"column":35}},"loc":{"start":{"line":123,"column":40},"end":{"line":125,"column":3}},"line":123}},"branchMap":{"0":{"loc":{"start":{"line":46,"column":2},"end":{"line":53,"column":3}},"type":"if","locations":[{"start":{"line":46,"column":2},"end":{"line":53,"column":3}},{"start":{},"end":{}}],"line":46},"1":{"loc":{"start":{"line":48,"column":4},"end":{"line":50,"column":5}},"type":"if","locations":[{"start":{"line":48,"column":4},"end":{"line":50,"column":5}},{"start":{},"end":{}}],"line":48},"2":{"loc":{"start":{"line":61,"column":2},"end":{"line":63,"column":3}},"type":"if","locations":[{"start":{"line":61,"column":2},"end":{"line":63,"column":3}},{"start":{},"end":{}}],"line":61},"3":{"loc":{"start":{"line":65,"column":2},"end":{"line":67,"column":3}},"type":"if","locations":[{"start":{"line":65,"column":2},"end":{"line":67,"column":3}},{"start":{},"end":{}}],"line":65},"4":{"loc":{"start":{"line":109,"column":13},"end":{"line":109,"column":37}},"type":"binary-expr","locations":[{"start":{"line":109,"column":13},"end":{"line":109,"column":29}},{"start":{"line":109,"column":33},"end":{"line":109,"column":37}}],"line":109},"5":{"loc":{"start":{"line":122,"column":0},"end":{"line":126,"column":1}},"type":"if","locations":[{"start":{"line":122,"column":0},"end":{"line":126,"column":1}},{"start":{},"end":{}}],"line":122}},"s":{"0":1,"1":1,"2":1,"3":1,"4":1,"5":1,"6":1,"7":1,"8":1,"9":1,"10":1,"11":1,"12":1,"13":1,"14":1,"15":1,"16":1,"17":1,"18":1,"19":1,"20":1,"21":1,"22":1,"23":1,"24":1,"25":1,"26":1,"27":1,"28":1,"29":1,"30":1,"31":1,"32":1,"33":1,"34":1,"35":1,"36":0,"37":0,"38":0,"39":0,"40":0,"41":0,"42":1,"43":1,"44":1,"45":1,"46":1,"47":1,"48":1,"49":0,"50":0,"51":0,"52":0,"53":0,"54":0,"55":0,"56":0,"57":0,"58":0,"59":0,"60":1,"61":1,"62":1,"63":1,"64":1,"65":1,"66":1,"67":1,"68":1,"69":0,"70":0},"f":{"0":1,"1":0,"2":0,"3":0,"4":1,"5":0},"b":{"0":[1,0],"1":[1,0],"2":[0,0],"3":[0,0],"4":[1,0],"5":[0,1]},"_coverageSchema":"1a1c01bbd47fc00a2c39e90264f33305004495a9","hash":"addbdf6798bda78312a6a99b4235614ef95b820f"}
,"C:\\Users\\savel\\Documents\\petpals\\PROJECT\\SPRINT2\\backend\\config\\db.js": {"path":"C:\\Users\\savel\\Documents\\petpals\\PROJECT\\SPRINT2\\backend\\config\\db.js","statementMap":{"0":{"start":{"line":4,"column":0},"end":{"line":4,"column":27}},"1":{"start":{"line":6,"column":17},"end":{"line":6,"column":36}},"2":{"start":{"line":9,"column":18},"end":{"line":39,"column":1}},"3":{"start":{"line":10,"column":2},"end":{"line":38,"column":3}},"4":{"start":{"line":12,"column":4},"end":{"line":16,"column":5}},"5":{"start":{"line":13,"column":6},"end":{"line":13,"column":77}},"6":{"start":{"line":15,"column":6},"end":{"line":15,"column":22}},"7":{"start":{"line":19,"column":21},"end":{"line":19,"column":42}},"8":{"start":{"line":20,"column":4},"end":{"line":20,"column":40}},"9":{"start":{"line":23,"column":4},"end":{"line":29,"column":7}},"10":{"start":{"line":32,"column":4},"end":{"line":32,"column":40}},"11":{"start":{"line":35,"column":4},"end":{"line":35,"column":67}},"12":{"start":{"line":37,"column":4},"end":{"line":37,"column":20}},"13":{"start":{"line":41,"column":0},"end":{"line":41,"column":27}}},"fnMap":{"0":{"name":"(anonymous_0)","decl":{"start":{"line":9,"column":18},"end":{"line":9,"column":19}},"loc":{"start":{"line":9,"column":30},"end":{"line":39,"column":1}},"line":9}},"branchMap":{"0":{"loc":{"start":{"line":12,"column":4},"end":{"line":16,"column":5}},"type":"if","locations":[{"start":{"line":12,"column":4},"end":{"line":16,"column":5}},{"start":{},"end":{}}],"line":12}},"s":{"0":1,"1":1,"2":1,"3":1,"4":1,"5":0,"6":0,"7":1,"8":1,"9":1,"10":1,"11":0,"12":0,"13":1},"f":{"0":1},"b":{"0":[0,1]},"_coverageSchema":"1a1c01bbd47fc00a2c39e90264f33305004495a9","hash":"00eb787cceb8adda245da899118e9a8ef61d55f8"}
,"C:\\Users\\savel\\Documents\\petpals\\PROJECT\\SPRINT2\\backend\\controllers\\authController.js": {"path":"C:\\Users\\savel\\Documents\\petpals\\PROJECT\\SPRINT2\\backend\\controllers\\authController.js","statementMap":{"0":{"start":{"line":5,"column":0},"end":{"line":5,"column":27}},"1":{"start":{"line":6,"column":14},"end":{"line":6,"column":44}},"2":{"start":{"line":7,"column":15},"end":{"line":7,"column":32}},"3":{"start":{"line":8,"column":12},"end":{"line":8,"column":35}},"4":{"start":{"line":10,"column":23},"end":{"line":179,"column":1}},"5":{"start":{"line":12,"column":4},"end":{"line":53,"column":5}},"6":{"start":{"line":13,"column":37},"end":{"line":13,"column":45}},"7":{"start":{"line":15,"column":6},"end":{"line":15,"column":69}},"8":{"start":{"line":18,"column":19},"end":{"line":20,"column":8}},"9":{"start":{"line":22,"column":6},"end":{"line":22,"column":39}},"10":{"start":{"line":25,"column":6},"end":{"line":28,"column":7}},"11":{"start":{"line":26,"column":8},"end":{"line":26,"column":38}},"12":{"start":{"line":27,"column":8},"end":{"line":27,"column":72}},"13":{"start":{"line":31,"column":22},"end":{"line":34,"column":7}},"14":{"start":{"line":36,"column":6},"end":{"line":36,"column":46}},"15":{"start":{"line":38,"column":6},"end":{"line":41,"column":7}},"16":{"start":{"line":39,"column":8},"end":{"line":39,"column":47}},"17":{"start":{"line":40,"column":8},"end":{"line":40,"column":72}},"18":{"start":{"line":44,"column":26},"end":{"line":44,"column":70}},"19":{"start":{"line":47,"column":6},"end":{"line":49,"column":77}},"20":{"start":{"line":51,"column":6},"end":{"line":51,"column":48}},"21":{"start":{"line":52,"column":6},"end":{"line":52,"column":72}},"22":{"start":{"line":57,"column":4},"end":{"line":144,"column":5}},"23":{"start":{"line":59,"column":44},"end":{"line":59,"column":52}},"24":{"start":{"line":62,"column":6},"end":{"line":67,"column":7}},"25":{"start":{"line":63,"column":8},"end":{"line":66,"column":11}},"26":{"start":{"line":69,"column":6},"end":{"line":69,"column":76}},"27":{"start":{"line":72,"column":26},"end":{"line":72,"column":74}},"28":{"start":{"line":73,"column":31},"end":{"line":73,"column":77}},"29":{"start":{"line":74,"column":6},"end":{"line":79,"column":7}},"30":{"start":{"line":75,"column":8},"end":{"line":78,"column":11}},"31":{"start":{"line":82,"column":28},"end":{"line":82,"column":58}},"32":{"start":{"line":83,"column":6},"end":{"line":88,"column":7}},"33":{"start":{"line":84,"column":8},"end":{"line":87,"column":11}},"34":{"start":{"line":91,"column":6},"end":{"line":96,"column":7}},"35":{"start":{"line":92,"column":8},"end":{"line":95,"column":11}},"36":{"start":{"line":98,"column":6},"end":{"line":103,"column":7}},"37":{"start":{"line":99,"column":8},"end":{"line":102,"column":11}},"38":{"start":{"line":106,"column":27},"end":{"line":106,"column":70}},"39":{"start":{"line":109,"column":22},"end":{"line":113,"column":8}},"40":{"start":{"line":116,"column":27},"end":{"line":116,"column":74}},"41":{"start":{"line":117,"column":28},"end":{"line":117,"column":76}},"42":{"start":{"line":118,"column":6},"end":{"line":124,"column":9}},"43":{"start":{"line":127,"column":6},"end":{"line":127,"column":91}},"44":{"start":{"line":130,"column":6},"end":{"line":130,"column":27}},"45":{"start":{"line":133,"column":6},"end":{"line":140,"column":9}},"46":{"start":{"line":142,"column":6},"end":{"line":142,"column":61}},"47":{"start":{"line":143,"column":6},"end":{"line":143,"column":60}},"48":{"start":{"line":148,"column":2},"end":{"line":156,"column":3}},"49":{"start":{"line":149,"column":4},"end":{"line":149,"column":43}},"50":{"start":{"line":152,"column":4},"end":{"line":152,"column":68}},"51":{"start":{"line":153,"column":4},"end":{"line":153,"column":40}},"52":{"start":{"line":155,"column":4},"end":{"line":155,"column":58}},"53":{"start":{"line":160,"column":4},"end":{"line":162,"column":7}},"54":{"start":{"line":166,"column":25},"end":{"line":168,"column":6}},"55":{"start":{"line":169,"column":4},"end":{"line":169,"column":24}},"56":{"start":{"line":173,"column":4},"end":{"line":173,"column":43}},"57":{"start":{"line":177,"column":4},"end":{"line":177,"column":63}},"58":{"start":{"line":181,"column":0},"end":{"line":181,"column":32}}},"fnMap":{"0":{"name":"(anonymous_0)","decl":{"start":{"line":11,"column":9},"end":{"line":11,"column":10}},"loc":{"start":{"line":11,"column":29},"end":{"line":54,"column":3}},"line":11},"1":{"name":"(anonymous_1)","decl":{"start":{"line":56,"column":12},"end":{"line":56,"column":13}},"loc":{"start":{"line":56,"column":32},"end":{"line":145,"column":3}},"line":56},"2":{"name":"(anonymous_2)","decl":{"start":{"line":147,"column":10},"end":{"line":147,"column":11}},"loc":{"start":{"line":147,"column":30},"end":{"line":157,"column":1}},"line":147},"3":{"name":"(anonymous_3)","decl":{"start":{"line":159,"column":23},"end":{"line":159,"column":24}},"loc":{"start":{"line":159,"column":35},"end":{"line":163,"column":3}},"line":159},"4":{"name":"(anonymous_4)","decl":{"start":{"line":165,"column":24},"end":{"line":165,"column":25}},"loc":{"start":{"line":165,"column":36},"end":{"line":170,"column":3}},"line":165},"5":{"name":"(anonymous_5)","decl":{"start":{"line":172,"column":16},"end":{"line":172,"column":17}},"loc":{"start":{"line":172,"column":36},"end":{"line":174,"column":3}},"line":172},"6":{"name":"(anonymous_6)","decl":{"start":{"line":176,"column":19},"end":{"line":176,"column":20}},"loc":{"start":{"line":176,"column":60},"end":{"line":178,"column":3}},"line":176}},"branchMap":{"0":{"loc":{"start":{"line":25,"column":6},"end":{"line":28,"column":7}},"type":"if","locations":[{"start":{"line":25,"column":6},"end":{"line":28,"column":7}},{"start":{},"end":{}}],"line":25},"1":{"loc":{"start":{"line":38,"column":6},"end":{"line":41,"column":7}},"type":"if","locations":[{"start":{"line":38,"column":6},"end":{"line":41,"column":7}},{"start":{},"end":{}}],"line":38},"2":{"loc":{"start":{"line":62,"column":6},"end":{"line":67,"column":7}},"type":"if","locations":[{"start":{"line":62,"column":6},"end":{"line":67,"column":7}},{"start":{},"end":{}}],"line":62},"3":{"loc":{"start":{"line":72,"column":27},"end":{"line":72,"column":41}},"type":"binary-expr","locations":[{"start":{"line":72,"column":27},"end":{"line":72,"column":35}},{"start":{"line":72,"column":39},"end":{"line":72,"column":41}}],"line":72},"4":{"loc":{"start":{"line":74,"column":6},"end":{"line":79,"column":7}},"type":"if","locations":[{"start":{"line":74,"column":6},"end":{"line":79,"column":7}},{"start":{},"end":{}}],"line":74},"5":{"loc":{"start":{"line":83,"column":6},"end":{"line":88,"column":7}},"type":"if","locations":[{"start":{"line":83,"column":6},"end":{"line":88,"column":7}},{"start":{},"end":{}}],"line":83},"6":{"loc":{"start":{"line":91,"column":6},"end":{"line":96,"column":7}},"type":"if","locations":[{"start":{"line":91,"column":6},"end":{"line":96,"column":7}},{"start":{},"end":{}}],"line":91},"7":{"loc":{"start":{"line":98,"column":6},"end":{"line":103,"column":7}},"type":"if","locations":[{"start":{"line":98,"column":6},"end":{"line":103,"column":7}},{"start":{},"end":{}}],"line":98}},"s":{"0":1,"1":1,"2":1,"3":1,"4":1,"5":0,"6":0,"7":0,"8":0,"9":0,"10":0,"11":0,"12":0,"13":0,"14":0,"15":0,"16":0,"17":0,"18":0,"19":0,"20":0,"21":0,"22":1,"23":1,"24":1,"25":0,"26":1,"27":1,"28":1,"29":1,"30":0,"31":1,"32":1,"33":0,"34":1,"35":0,"36":1,"37":0,"38":1,"39":1,"40":1,"41":1,"42":1,"43":1,"44":1,"45":1,"46":0,"47":0,"48":0,"49":0,"50":0,"51":0,"52":0,"53":1,"54":1,"55":1,"56":1,"57":0,"58":1},"f":{"0":0,"1":1,"2":0,"3":1,"4":1,"5":1,"6":0},"b":{"0":[0,0],"1":[0,0],"2":[0,1],"3":[1,0],"4":[0,1],"5":[0,1],"6":[0,1],"7":[0,1]},"_coverageSchema":"1a1c01bbd47fc00a2c39e90264f33305004495a9","hash":"f53810653994b0c8bae3f4f7802a0d4f967207cf"}
,"C:\\Users\\savel\\Documents\\petpals\\PROJECT\\SPRINT2\\backend\\controllers\\commentController.js": {"path":"C:\\Users\\savel\\Documents\\petpals\\PROJECT\\SPRINT2\\backend\\controllers\\commentController.js","statementMap":{"0":{"start":{"line":6,"column":17},"end":{"line":6,"column":50}},"1":{"start":{"line":7,"column":14},"end":{"line":7,"column":44}},"2":{"start":{"line":9,"column":26},"end":{"line":140,"column":1}},"3":{"start":{"line":12,"column":4},"end":{"line":47,"column":5}},"4":{"start":{"line":14,"column":58},"end":{"line":14,"column":66}},"5":{"start":{"line":17,"column":19},"end":{"line":17,"column":47}},"6":{"start":{"line":20,"column":6},"end":{"line":20,"column":76}},"7":{"start":{"line":20,"column":17},"end":{"line":20,"column":76}},"8":{"start":{"line":23,"column":25},"end":{"line":30,"column":8}},"9":{"start":{"line":33,"column":6},"end":{"line":38,"column":8}},"10":{"start":{"line":41,"column":6},"end":{"line":41,"column":30}},"11":{"start":{"line":44,"column":6},"end":{"line":44,"column":38}},"12":{"start":{"line":46,"column":6},"end":{"line":46,"column":60}},"13":{"start":{"line":52,"column":4},"end":{"line":66,"column":5}},"14":{"start":{"line":54,"column":26},"end":{"line":54,"column":34}},"15":{"start":{"line":57,"column":6},"end":{"line":60,"column":8}},"16":{"start":{"line":63,"column":6},"end":{"line":63,"column":59}},"17":{"start":{"line":65,"column":6},"end":{"line":65,"column":60}},"18":{"start":{"line":71,"column":4},"end":{"line":96,"column":5}},"19":{"start":{"line":73,"column":22},"end":{"line":76,"column":8}},"20":{"start":{"line":79,"column":6},"end":{"line":82,"column":68}},"21":{"start":{"line":80,"column":8},"end":{"line":82,"column":68}},"22":{"start":{"line":85,"column":6},"end":{"line":91,"column":8}},"23":{"start":{"line":93,"column":6},"end":{"line":93,"column":52}},"24":{"start":{"line":95,"column":6},"end":{"line":95,"column":60}},"25":{"start":{"line":101,"column":4},"end":{"line":114,"column":5}},"26":{"start":{"line":103,"column":6},"end":{"line":109,"column":8}},"27":{"start":{"line":111,"column":6},"end":{"line":111,"column":54}},"28":{"start":{"line":113,"column":6},"end":{"line":113,"column":60}},"29":{"start":{"line":119,"column":4},"end":{"line":138,"column":5}},"30":{"start":{"line":121,"column":22},"end":{"line":124,"column":8}},"31":{"start":{"line":127,"column":19},"end":{"line":132,"column":7}},"32":{"start":{"line":135,"column":6},"end":{"line":135,"column":61}},"33":{"start":{"line":137,"column":6},"end":{"line":137,"column":60}},"34":{"start":{"line":142,"column":0},"end":{"line":142,"column":35}}},"fnMap":{"0":{"name":"(anonymous_0)","decl":{"start":{"line":11,"column":17},"end":{"line":11,"column":18}},"loc":{"start":{"line":11,"column":37},"end":{"line":48,"column":3}},"line":11},"1":{"name":"(anonymous_1)","decl":{"start":{"line":51,"column":17},"end":{"line":51,"column":18}},"loc":{"start":{"line":51,"column":37},"end":{"line":67,"column":3}},"line":51},"2":{"name":"(anonymous_2)","decl":{"start":{"line":70,"column":15},"end":{"line":70,"column":16}},"loc":{"start":{"line":70,"column":35},"end":{"line":97,"column":3}},"line":70},"3":{"name":"(anonymous_3)","decl":{"start":{"line":100,"column":17},"end":{"line":100,"column":18}},"loc":{"start":{"line":100,"column":37},"end":{"line":115,"column":3}},"line":100},"4":{"name":"(anonymous_4)","decl":{"start":{"line":118,"column":17},"end":{"line":118,"column":18}},"loc":{"start":{"line":118,"column":37},"end":{"line":139,"column":3}},"line":118}},"branchMap":{"0":{"loc":{"start":{"line":20,"column":6},"end":{"line":20,"column":76}},"type":"if","locations":[{"start":{"line":20,"column":6},"end":{"line":20,"column":76}},{"start":{},"end":{}}],"line":20},"1":{"loc":{"start":{"line":79,"column":6},"end":{"line":82,"column":68}},"type":"if","locations":[{"start":{"line":79,"column":6},"end":{"line":82,"column":68}},{"start":{},"end":{}}],"line":79}},"s":{"0":1,"1":1,"2":1,"3":0,"4":0,"5":0,"6":0,"7":0,"8":0,"9":0,"10":0,"11":0,"12":0,"13":0,"14":0,"15":0,"16":0,"17":0,"18":0,"19":0,"20":0,"21":0,"22":0,"23":0,"24":0,"25":0,"26":0,"27":0,"28":0,"29":0,"30":0,"31":0,"32":0,"33":0,"34":1},"f":{"0":0,"1":0,"2":0,"3":0,"4":0},"b":{"0":[0,0],"1":[0,0]},"_coverageSchema":"1a1c01bbd47fc00a2c39e90264f33305004495a9","hash":"ec9bdc04b6386a09dc8ed852ae850041aad7da26"}
,"C:\\Users\\savel\\Documents\\petpals\\PROJECT\\SPRINT2\\backend\\controllers\\messageController.js": {"path":"C:\\Users\\savel\\Documents\\petpals\\PROJECT\\SPRINT2\\backend\\controllers\\messageController.js","statementMap":{"0":{"start":{"line":6,"column":17},"end":{"line":6,"column":50}},"1":{"start":{"line":7,"column":22},"end":{"line":7,"column":60}},"2":{"start":{"line":9,"column":26},"end":{"line":120,"column":1}},"3":{"start":{"line":12,"column":4},"end":{"line":53,"column":5}},"4":{"start":{"line":14,"column":41},"end":{"line":14,"column":49}},"5":{"start":{"line":17,"column":6},"end":{"line":17,"column":69}},"6":{"start":{"line":17,"column":62},"end":{"line":17,"column":69}},"7":{"start":{"line":20,"column":30},"end":{"line":36,"column":7}},"8":{"start":{"line":39,"column":25},"end":{"line":45,"column":8}},"9":{"start":{"line":47,"column":6},"end":{"line":47,"column":30}},"10":{"start":{"line":50,"column":6},"end":{"line":50,"column":36}},"11":{"start":{"line":52,"column":6},"end":{"line":52,"column":60}},"12":{"start":{"line":58,"column":4},"end":{"line":73,"column":5}},"13":{"start":{"line":60,"column":27},"end":{"line":64,"column":59}},"14":{"start":{"line":67,"column":6},"end":{"line":70,"column":9}},"15":{"start":{"line":72,"column":6},"end":{"line":72,"column":60}},"16":{"start":{"line":78,"column":4},"end":{"line":102,"column":5}},"17":{"start":{"line":80,"column":22},"end":{"line":93,"column":59}},"18":{"start":{"line":96,"column":6},"end":{"line":99,"column":9}},"19":{"start":{"line":101,"column":6},"end":{"line":101,"column":60}},"20":{"start":{"line":107,"column":4},"end":{"line":118,"column":5}},"21":{"start":{"line":109,"column":6},"end":{"line":112,"column":9}},"22":{"start":{"line":115,"column":6},"end":{"line":115,"column":47}},"23":{"start":{"line":117,"column":6},"end":{"line":117,"column":60}},"24":{"start":{"line":122,"column":0},"end":{"line":122,"column":35}}},"fnMap":{"0":{"name":"(anonymous_0)","decl":{"start":{"line":11,"column":17},"end":{"line":11,"column":18}},"loc":{"start":{"line":11,"column":37},"end":{"line":54,"column":3}},"line":11},"1":{"name":"(anonymous_1)","decl":{"start":{"line":57,"column":20},"end":{"line":57,"column":21}},"loc":{"start":{"line":57,"column":40},"end":{"line":74,"column":3}},"line":57},"2":{"name":"(anonymous_2)","decl":{"start":{"line":77,"column":15},"end":{"line":77,"column":16}},"loc":{"start":{"line":77,"column":35},"end":{"line":103,"column":3}},"line":77},"3":{"name":"(anonymous_3)","decl":{"start":{"line":106,"column":18},"end":{"line":106,"column":19}},"loc":{"start":{"line":106,"column":38},"end":{"line":119,"column":3}},"line":106}},"branchMap":{"0":{"loc":{"start":{"line":17,"column":6},"end":{"line":17,"column":69}},"type":"if","locations":[{"start":{"line":17,"column":6},"end":{"line":17,"column":69}},{"start":{},"end":{}}],"line":17},"1":{"loc":{"start":{"line":17,"column":10},"end":{"line":17,"column":60}},"type":"binary-expr","locations":[{"start":{"line":17,"column":10},"end":{"line":17,"column":20}},{"start":{"line":17,"column":25},"end":{"line":17,"column":37}},{"start":{"line":17,"column":41},"end":{"line":17,"column":59}}],"line":17}},"s":{"0":1,"1":1,"2":1,"3":0,"4":0,"5":0,"6":0,"7":0,"8":0,"9":0,"10":0,"11":0,"12":0,"13":0,"14":0,"15":0,"16":0,"17":0,"18":0,"19":0,"20":0,"21":0,"22":0,"23":0,"24":1},"f":{"0":0,"1":0,"2":0,"3":0},"b":{"0":[0,0],"1":[0,0,0]},"_coverageSchema":"1a1c01bbd47fc00a2c39e90264f33305004495a9","hash":"a71d85064ff5647a2c2b926be7f23fdfc63ed7fc"}
,"C:\\Users\\savel\\Documents\\petpals\\PROJECT\\SPRINT2\\backend\\controllers\\notifyController.js": {"path":"C:\\Users\\savel\\Documents\\petpals\\PROJECT\\SPRINT2\\backend\\controllers\\notifyController.js","statementMap":{"0":{"start":{"line":6,"column":17},"end":{"line":6,"column":49}},"1":{"start":{"line":8,"column":25},"end":{"line":91,"column":1}},"2":{"start":{"line":11,"column":4},"end":{"line":31,"column":5}},"3":{"start":{"line":12,"column":68},"end":{"line":12,"column":76}},"4":{"start":{"line":14,"column":6},"end":{"line":14,"column":63}},"5":{"start":{"line":14,"column":56},"end":{"line":14,"column":63}},"6":{"start":{"line":16,"column":21},"end":{"line":25,"column":8}},"7":{"start":{"line":27,"column":6},"end":{"line":27,"column":20}},"8":{"start":{"line":28,"column":6},"end":{"line":28,"column":34}},"9":{"start":{"line":30,"column":6},"end":{"line":30,"column":60}},"10":{"start":{"line":36,"column":4},"end":{"line":45,"column":5}},"11":{"start":{"line":37,"column":21},"end":{"line":40,"column":8}},"12":{"start":{"line":42,"column":6},"end":{"line":42,"column":34}},"13":{"start":{"line":44,"column":6},"end":{"line":44,"column":60}},"14":{"start":{"line":50,"column":4},"end":{"line":60,"column":5}},"15":{"start":{"line":51,"column":23},"end":{"line":55,"column":53}},"16":{"start":{"line":57,"column":6},"end":{"line":57,"column":36}},"17":{"start":{"line":59,"column":6},"end":{"line":59,"column":60}},"18":{"start":{"line":65,"column":4},"end":{"line":76,"column":5}},"19":{"start":{"line":66,"column":23},"end":{"line":71,"column":7}},"20":{"start":{"line":73,"column":6},"end":{"line":73,"column":36}},"21":{"start":{"line":75,"column":6},"end":{"line":75,"column":60}},"22":{"start":{"line":81,"column":4},"end":{"line":89,"column":5}},"23":{"start":{"line":82,"column":23},"end":{"line":84,"column":8}},"24":{"start":{"line":86,"column":6},"end":{"line":86,"column":36}},"25":{"start":{"line":88,"column":6},"end":{"line":88,"column":60}},"26":{"start":{"line":93,"column":0},"end":{"line":93,"column":34}}},"fnMap":{"0":{"name":"(anonymous_0)","decl":{"start":{"line":10,"column":16},"end":{"line":10,"column":17}},"loc":{"start":{"line":10,"column":36},"end":{"line":32,"column":3}},"line":10},"1":{"name":"(anonymous_1)","decl":{"start":{"line":35,"column":16},"end":{"line":35,"column":17}},"loc":{"start":{"line":35,"column":36},"end":{"line":46,"column":3}},"line":35},"2":{"name":"(anonymous_2)","decl":{"start":{"line":49,"column":13},"end":{"line":49,"column":14}},"loc":{"start":{"line":49,"column":33},"end":{"line":61,"column":3}},"line":49},"3":{"name":"(anonymous_3)","decl":{"start":{"line":64,"column":16},"end":{"line":64,"column":17}},"loc":{"start":{"line":64,"column":36},"end":{"line":77,"column":3}},"line":64},"4":{"name":"(anonymous_4)","decl":{"start":{"line":80,"column":21},"end":{"line":80,"column":22}},"loc":{"start":{"line":80,"column":41},"end":{"line":90,"column":3}},"line":80}},"branchMap":{"0":{"loc":{"start":{"line":14,"column":6},"end":{"line":14,"column":63}},"type":"if","locations":[{"start":{"line":14,"column":6},"end":{"line":14,"column":63}},{"start":{},"end":{}}],"line":14}},"s":{"0":1,"1":1,"2":0,"3":0,"4":0,"5":0,"6":0,"7":0,"8":0,"9":0,"10":0,"11":0,"12":0,"13":0,"14":0,"15":0,"16":0,"17":0,"18":0,"19":0,"20":0,"21":0,"22":0,"23":0,"24":0,"25":0,"26":1},"f":{"0":0,"1":0,"2":0,"3":0,"4":0},"b":{"0":[0,0]},"_coverageSchema":"1a1c01bbd47fc00a2c39e90264f33305004495a9","hash":"6f3d7f268aaa1603536d52c16dc443ccd90db152"}
,"C:\\Users\\savel\\Documents\\petpals\\PROJECT\\SPRINT2\\backend\\controllers\\postController.js": {"path":"C:\\Users\\savel\\Documents\\petpals\\PROJECT\\SPRINT2\\backend\\controllers\\postController.js","statementMap":{"0":{"start":{"line":1,"column":14},"end":{"line":1,"column":44}},"1":{"start":{"line":2,"column":14},"end":{"line":2,"column":44}},"2":{"start":{"line":3,"column":17},"end":{"line":3,"column":50}},"3":{"start":{"line":5,"column":23},"end":{"line":273,"column":1}},"4":{"start":{"line":8,"column":4},"end":{"line":35,"column":5}},"5":{"start":{"line":9,"column":34},"end":{"line":9,"column":42}},"6":{"start":{"line":12,"column":6},"end":{"line":14,"column":7}},"7":{"start":{"line":13,"column":8},"end":{"line":13,"column":66}},"8":{"start":{"line":17,"column":22},"end":{"line":21,"column":8}},"9":{"start":{"line":24,"column":6},"end":{"line":24,"column":27}},"10":{"start":{"line":27,"column":6},"end":{"line":30,"column":9}},"11":{"start":{"line":33,"column":6},"end":{"line":33,"column":57}},"12":{"start":{"line":34,"column":6},"end":{"line":34,"column":60}},"13":{"start":{"line":40,"column":4},"end":{"line":58,"column":5}},"14":{"start":{"line":41,"column":20},"end":{"line":50,"column":10}},"15":{"start":{"line":52,"column":6},"end":{"line":55,"column":9}},"16":{"start":{"line":57,"column":6},"end":{"line":57,"column":60}},"17":{"start":{"line":63,"column":4},"end":{"line":85,"column":5}},"18":{"start":{"line":64,"column":34},"end":{"line":64,"column":42}},"19":{"start":{"line":67,"column":19},"end":{"line":71,"column":58}},"20":{"start":{"line":74,"column":6},"end":{"line":81,"column":9}},"21":{"start":{"line":84,"column":6},"end":{"line":84,"column":60}},"22":{"start":{"line":90,"column":4},"end":{"line":116,"column":5}},"23":{"start":{"line":92,"column":19},"end":{"line":95,"column":8}},"24":{"start":{"line":97,"column":6},"end":{"line":100,"column":65}},"25":{"start":{"line":98,"column":8},"end":{"line":100,"column":65}},"26":{"start":{"line":103,"column":19},"end":{"line":107,"column":7}},"27":{"start":{"line":109,"column":6},"end":{"line":109,"column":76}},"28":{"start":{"line":109,"column":17},"end":{"line":109,"column":76}},"29":{"start":{"line":112,"column":6},"end":{"line":112,"column":50}},"30":{"start":{"line":115,"column":6},"end":{"line":115,"column":60}},"31":{"start":{"line":121,"column":4},"end":{"line":145,"column":5}},"32":{"start":{"line":123,"column":19},"end":{"line":126,"column":8}},"33":{"start":{"line":128,"column":6},"end":{"line":131,"column":65}},"34":{"start":{"line":129,"column":8},"end":{"line":131,"column":65}},"35":{"start":{"line":134,"column":6},"end":{"line":138,"column":8}},"36":{"start":{"line":141,"column":6},"end":{"line":141,"column":49}},"37":{"start":{"line":144,"column":6},"end":{"line":144,"column":60}},"38":{"start":{"line":150,"column":4},"end":{"line":163,"column":5}},"39":{"start":{"line":152,"column":6},"end":{"line":156,"column":8}},"40":{"start":{"line":159,"column":6},"end":{"line":159,"column":51}},"41":{"start":{"line":162,"column":6},"end":{"line":162,"column":60}},"42":{"start":{"line":168,"column":4},"end":{"line":183,"column":5}},"43":{"start":{"line":170,"column":21},"end":{"line":174,"column":7}},"44":{"start":{"line":176,"column":6},"end":{"line":176,"column":78}},"45":{"start":{"line":176,"column":19},"end":{"line":176,"column":78}},"46":{"start":{"line":179,"column":6},"end":{"line":179,"column":51}},"47":{"start":{"line":182,"column":6},"end":{"line":182,"column":60}},"48":{"start":{"line":188,"column":4},"end":{"line":199,"column":5}},"49":{"start":{"line":190,"column":25},"end":{"line":192,"column":59}},"50":{"start":{"line":195,"column":6},"end":{"line":195,"column":68}},"51":{"start":{"line":198,"column":6},"end":{"line":198,"column":77}},"52":{"start":{"line":204,"column":4},"end":{"line":226,"column":5}},"53":{"start":{"line":206,"column":20},"end":{"line":215,"column":10}},"54":{"start":{"line":218,"column":6},"end":{"line":222,"column":9}},"55":{"start":{"line":225,"column":6},"end":{"line":225,"column":60}},"56":{"start":{"line":231,"column":4},"end":{"line":248,"column":5}},"57":{"start":{"line":233,"column":19},"end":{"line":241,"column":10}},"58":{"start":{"line":244,"column":6},"end":{"line":244,"column":44}},"59":{"start":{"line":247,"column":6},"end":{"line":247,"column":60}},"60":{"start":{"line":253,"column":4},"end":{"line":271,"column":5}},"61":{"start":{"line":255,"column":19},"end":{"line":258,"column":8}},"62":{"start":{"line":261,"column":6},"end":{"line":261,"column":65}},"63":{"start":{"line":264,"column":6},"end":{"line":267,"column":9}},"64":{"start":{"line":270,"column":6},"end":{"line":270,"column":60}},"65":{"start":{"line":275,"column":0},"end":{"line":275,"column":32}}},"fnMap":{"0":{"name":"(anonymous_0)","decl":{"start":{"line":7,"column":14},"end":{"line":7,"column":15}},"loc":{"start":{"line":7,"column":34},"end":{"line":36,"column":3}},"line":7},"1":{"name":"(anonymous_1)","decl":{"start":{"line":39,"column":11},"end":{"line":39,"column":12}},"loc":{"start":{"line":39,"column":31},"end":{"line":59,"column":3}},"line":39},"2":{"name":"(anonymous_2)","decl":{"start":{"line":62,"column":14},"end":{"line":62,"column":15}},"loc":{"start":{"line":62,"column":34},"end":{"line":86,"column":3}},"line":62},"3":{"name":"(anonymous_3)","decl":{"start":{"line":89,"column":12},"end":{"line":89,"column":13}},"loc":{"start":{"line":89,"column":32},"end":{"line":117,"column":3}},"line":89},"4":{"name":"(anonymous_4)","decl":{"start":{"line":120,"column":12},"end":{"line":120,"column":13}},"loc":{"start":{"line":120,"column":32},"end":{"line":146,"column":3}},"line":120},"5":{"name":"(anonymous_5)","decl":{"start":{"line":149,"column":14},"end":{"line":149,"column":15}},"loc":{"start":{"line":149,"column":34},"end":{"line":164,"column":3}},"line":149},"6":{"name":"(anonymous_6)","decl":{"start":{"line":167,"column":14},"end":{"line":167,"column":15}},"loc":{"start":{"line":167,"column":34},"end":{"line":184,"column":3}},"line":167},"7":{"name":"(anonymous_7)","decl":{"start":{"line":187,"column":16},"end":{"line":187,"column":17}},"loc":{"start":{"line":187,"column":36},"end":{"line":200,"column":3}},"line":187},"8":{"name":"(anonymous_8)","decl":{"start":{"line":203,"column":16},"end":{"line":203,"column":17}},"loc":{"start":{"line":203,"column":36},"end":{"line":227,"column":3}},"line":203},"9":{"name":"(anonymous_9)","decl":{"start":{"line":230,"column":17},"end":{"line":230,"column":18}},"loc":{"start":{"line":230,"column":37},"end":{"line":249,"column":3}},"line":230},"10":{"name":"(anonymous_10)","decl":{"start":{"line":252,"column":14},"end":{"line":252,"column":15}},"loc":{"start":{"line":252,"column":34},"end":{"line":272,"column":3}},"line":252}},"branchMap":{"0":{"loc":{"start":{"line":12,"column":6},"end":{"line":14,"column":7}},"type":"if","locations":[{"start":{"line":12,"column":6},"end":{"line":14,"column":7}},{"start":{},"end":{}}],"line":12},"1":{"loc":{"start":{"line":12,"column":10},"end":{"line":12,"column":40}},"type":"binary-expr","locations":[{"start":{"line":12,"column":10},"end":{"line":12,"column":17}},{"start":{"line":12,"column":21},"end":{"line":12,"column":40}}],"line":12},"2":{"loc":{"start":{"line":97,"column":6},"end":{"line":100,"column":65}},"type":"if","locations":[{"start":{"line":97,"column":6},"end":{"line":100,"column":65}},{"start":{},"end":{}}],"line":97},"3":{"loc":{"start":{"line":109,"column":6},"end":{"line":109,"column":76}},"type":"if","locations":[{"start":{"line":109,"column":6},"end":{"line":109,"column":76}},{"start":{},"end":{}}],"line":109},"4":{"loc":{"start":{"line":128,"column":6},"end":{"line":131,"column":65}},"type":"if","locations":[{"start":{"line":128,"column":6},"end":{"line":131,"column":65}},{"start":{},"end":{}}],"line":128},"5":{"loc":{"start":{"line":176,"column":6},"end":{"line":176,"column":78}},"type":"if","locations":[{"start":{"line":176,"column":6},"end":{"line":176,"column":78}},{"start":{},"end":{}}],"line":176}},"s":{"0":1,"1":1,"2":1,"3":1,"4":0,"5":0,"6":0,"7":0,"8":0,"9":0,"10":0,"11":0,"12":0,"13":0,"14":0,"15":0,"16":0,"17":0,"18":0,"19":0,"20":0,"21":0,"22":0,"23":0,"24":0,"25":0,"26":0,"27":0,"28":0,"29":0,"30":0,"31":0,"32":0,"33":0,"34":0,"35":0,"36":0,"37":0,"38":0,"39":0,"40":0,"41":0,"42":0,"43":0,"44":0,"45":0,"46":0,"47":0,"48":0,"49":0,"50":0,"51":0,"52":0,"53":0,"54":0,"55":0,"56":0,"57":0,"58":0,"59":0,"60":0,"61":0,"62":0,"63":0,"64":0,"65":1},"f":{"0":0,"1":0,"2":0,"3":0,"4":0,"5":0,"6":0,"7":0,"8":0,"9":0,"10":0},"b":{"0":[0,0],"1":[0,0],"2":[0,0],"3":[0,0],"4":[0,0],"5":[0,0]},"_coverageSchema":"1a1c01bbd47fc00a2c39e90264f33305004495a9","hash":"e1fe6bab4a394e68719ef841b28dbe8a5d0e1975"}
,"C:\\Users\\savel\\Documents\\petpals\\PROJECT\\SPRINT2\\backend\\controllers\\userController.js": {"path":"C:\\Users\\savel\\Documents\\petpals\\PROJECT\\SPRINT2\\backend\\controllers\\userController.js","statementMap":{"0":{"start":{"line":7,"column":15},"end":{"line":7,"column":32}},"1":{"start":{"line":8,"column":14},"end":{"line":8,"column":44}},"2":{"start":{"line":10,"column":23},"end":{"line":182,"column":1}},"3":{"start":{"line":12,"column":4},"end":{"line":17,"column":5}},"4":{"start":{"line":13,"column":20},"end":{"line":13,"column":64}},"5":{"start":{"line":14,"column":6},"end":{"line":14,"column":26}},"6":{"start":{"line":16,"column":6},"end":{"line":16,"column":55}},"7":{"start":{"line":21,"column":4},"end":{"line":31,"column":5}},"8":{"start":{"line":22,"column":20},"end":{"line":26,"column":34}},"9":{"start":{"line":28,"column":6},"end":{"line":28,"column":26}},"10":{"start":{"line":30,"column":6},"end":{"line":30,"column":55}},"11":{"start":{"line":35,"column":4},"end":{"line":46,"column":5}},"12":{"start":{"line":36,"column":19},"end":{"line":36,"column":74}},"13":{"start":{"line":38,"column":6},"end":{"line":40,"column":7}},"14":{"start":{"line":39,"column":8},"end":{"line":39,"column":76}},"15":{"start":{"line":42,"column":6},"end":{"line":42,"column":25}},"16":{"start":{"line":44,"column":6},"end":{"line":44,"column":53}},"17":{"start":{"line":45,"column":6},"end":{"line":45,"column":65}},"18":{"start":{"line":50,"column":4},"end":{"line":80,"column":5}},"19":{"start":{"line":54,"column":10},"end":{"line":54,"column":13}},"20":{"start":{"line":56,"column":6},"end":{"line":58,"column":7}},"21":{"start":{"line":57,"column":8},"end":{"line":57,"column":78}},"22":{"start":{"line":60,"column":27},"end":{"line":60,"column":31}},"23":{"start":{"line":61,"column":6},"end":{"line":63,"column":7}},"24":{"start":{"line":62,"column":8},"end":{"line":62,"column":60}},"25":{"start":{"line":65,"column":27},"end":{"line":68,"column":7}},"26":{"start":{"line":70,"column":6},"end":{"line":72,"column":7}},"27":{"start":{"line":71,"column":8},"end":{"line":71,"column":47}},"28":{"start":{"line":74,"column":6},"end":{"line":74,"column":55}},"29":{"start":{"line":76,"column":6},"end":{"line":76,"column":61}},"30":{"start":{"line":78,"column":6},"end":{"line":78,"column":59}},"31":{"start":{"line":79,"column":6},"end":{"line":79,"column":65}},"32":{"start":{"line":84,"column":4},"end":{"line":147,"column":5}},"33":{"start":{"line":88,"column":10},"end":{"line":88,"column":13}},"34":{"start":{"line":90,"column":27},"end":{"line":90,"column":51}},"35":{"start":{"line":92,"column":6},"end":{"line":94,"column":7}},"36":{"start":{"line":93,"column":8},"end":{"line":93,"column":77}},"37":{"start":{"line":96,"column":33},"end":{"line":98,"column":7}},"38":{"start":{"line":97,"column":8},"end":{"line":97,"column":33}},"39":{"start":{"line":100,"column":6},"end":{"line":104,"column":7}},"40":{"start":{"line":101,"column":8},"end":{"line":103,"column":68}},"41":{"start":{"line":107,"column":6},"end":{"line":109,"column":8}},"42":{"start":{"line":112,"column":6},"end":{"line":123,"column":8}},"43":{"start":{"line":126,"column":6},"end":{"line":137,"column":8}},"44":{"start":{"line":140,"column":6},"end":{"line":142,"column":8}},"45":{"start":{"line":144,"column":6},"end":{"line":144,"column":40}},"46":{"start":{"line":146,"column":6},"end":{"line":146,"column":55}},"47":{"start":{"line":151,"column":4},"end":{"line":180,"column":5}},"48":{"start":{"line":155,"column":10},"end":{"line":155,"column":13}},"49":{"start":{"line":157,"column":29},"end":{"line":157,"column":53}},"50":{"start":{"line":159,"column":6},"end":{"line":161,"column":7}},"51":{"start":{"line":160,"column":8},"end":{"line":160,"column":79}},"52":{"start":{"line":163,"column":26},"end":{"line":163,"column":64}},"53":{"start":{"line":165,"column":6},"end":{"line":169,"column":7}},"54":{"start":{"line":166,"column":8},"end":{"line":168,"column":64}},"55":{"start":{"line":171,"column":6},"end":{"line":175,"column":8}},"56":{"start":{"line":177,"column":6},"end":{"line":177,"column":42}},"57":{"start":{"line":179,"column":6},"end":{"line":179,"column":55}},"58":{"start":{"line":184,"column":0},"end":{"line":184,"column":32}}},"fnMap":{"0":{"name":"(anonymous_0)","decl":{"start":{"line":11,"column":15},"end":{"line":11,"column":16}},"loc":{"start":{"line":11,"column":35},"end":{"line":18,"column":3}},"line":11},"1":{"name":"(anonymous_1)","decl":{"start":{"line":20,"column":15},"end":{"line":20,"column":16}},"loc":{"start":{"line":20,"column":35},"end":{"line":32,"column":3}},"line":20},"2":{"name":"(anonymous_2)","decl":{"start":{"line":34,"column":11},"end":{"line":34,"column":12}},"loc":{"start":{"line":34,"column":31},"end":{"line":47,"column":3}},"line":34},"3":{"name":"(anonymous_3)","decl":{"start":{"line":49,"column":14},"end":{"line":49,"column":15}},"loc":{"start":{"line":49,"column":34},"end":{"line":81,"column":3}},"line":49},"4":{"name":"(anonymous_4)","decl":{"start":{"line":83,"column":14},"end":{"line":83,"column":15}},"loc":{"start":{"line":83,"column":34},"end":{"line":148,"column":3}},"line":83},"5":{"name":"(anonymous_5)","decl":{"start":{"line":96,"column":61},"end":{"line":96,"column":62}},"loc":{"start":{"line":97,"column":8},"end":{"line":97,"column":33}},"line":97},"6":{"name":"(anonymous_6)","decl":{"start":{"line":150,"column":16},"end":{"line":150,"column":17}},"loc":{"start":{"line":150,"column":36},"end":{"line":181,"column":3}},"line":150}},"branchMap":{"0":{"loc":{"start":{"line":38,"column":6},"end":{"line":40,"column":7}},"type":"if","locations":[{"start":{"line":38,"column":6},"end":{"line":40,"column":7}},{"start":{},"end":{}}],"line":38},"1":{"loc":{"start":{"line":56,"column":6},"end":{"line":58,"column":7}},"type":"if","locations":[{"start":{"line":56,"column":6},"end":{"line":58,"column":7}},{"start":{},"end":{}}],"line":56},"2":{"loc":{"start":{"line":61,"column":6},"end":{"line":63,"column":7}},"type":"if","locations":[{"start":{"line":61,"column":6},"end":{"line":63,"column":7}},{"start":{},"end":{}}],"line":61},"3":{"loc":{"start":{"line":70,"column":6},"end":{"line":72,"column":7}},"type":"if","locations":[{"start":{"line":70,"column":6},"end":{"line":72,"column":7}},{"start":{},"end":{}}],"line":70},"4":{"loc":{"start":{"line":92,"column":6},"end":{"line":94,"column":7}},"type":"if","locations":[{"start":{"line":92,"column":6},"end":{"line":94,"column":7}},{"start":{},"end":{}}],"line":92},"5":{"loc":{"start":{"line":100,"column":6},"end":{"line":104,"column":7}},"type":"if","locations":[{"start":{"line":100,"column":6},"end":{"line":104,"column":7}},{"start":{},"end":{}}],"line":100},"6":{"loc":{"start":{"line":159,"column":6},"end":{"line":161,"column":7}},"type":"if","locations":[{"start":{"line":159,"column":6},"end":{"line":161,"column":7}},{"start":{},"end":{}}],"line":159},"7":{"loc":{"start":{"line":165,"column":6},"end":{"line":169,"column":7}},"type":"if","locations":[{"start":{"line":165,"column":6},"end":{"line":169,"column":7}},{"start":{},"end":{}}],"line":165}},"s":{"0":1,"1":1,"2":1,"3":0,"4":0,"5":0,"6":0,"7":0,"8":0,"9":0,"10":0,"11":0,"12":0,"13":0,"14":0,"15":0,"16":0,"17":0,"18":0,"19":0,"20":0,"21":0,"22":0,"23":0,"24":0,"25":0,"26":0,"27":0,"28":0,"29":0,"30":0,"31":0,"32":0,"33":0,"34":0,"35":0,"36":0,"37":0,"38":0,"39":0,"40":0,"41":0,"42":0,"43":0,"44":0,"45":0,"46":0,"47":0,"48":0,"49":0,"50":0,"51":0,"52":0,"53":0,"54":0,"55":0,"56":0,"57":0,"58":1},"f":{"0":0,"1":0,"2":0,"3":0,"4":0,"5":0,"6":0},"b":{"0":[0,0],"1":[0,0],"2":[0,0],"3":[0,0],"4":[0,0],"5":[0,0],"6":[0,0],"7":[0,0]},"_coverageSchema":"1a1c01bbd47fc00a2c39e90264f33305004495a9","hash":"a1bd9e1e1e1deaeeabd1448388dcbc84671faf94"}
,"C:\\Users\\savel\\Documents\\petpals\\PROJECT\\SPRINT2\\backend\\middleware\\authMiddleware.js": {"path":"C:\\Users\\savel\\Documents\\petpals\\PROJECT\\SPRINT2\\backend\\middleware\\authMiddleware.js","statementMap":{"0":{"start":{"line":5,"column":14},"end":{"line":5,"column":44}},"1":{"start":{"line":6,"column":12},"end":{"line":6,"column":35}},"2":{"start":{"line":8,"column":25},"end":{"line":83,"column":1}},"3":{"start":{"line":9,"column":2},"end":{"line":82,"column":3}},"4":{"start":{"line":10,"column":18},"end":{"line":10,"column":45}},"5":{"start":{"line":12,"column":4},"end":{"line":12,"column":42}},"6":{"start":{"line":14,"column":4},"end":{"line":16,"column":5}},"7":{"start":{"line":15,"column":6},"end":{"line":15,"column":64}},"8":{"start":{"line":18,"column":4},"end":{"line":77,"column":5}},"9":{"start":{"line":20,"column":26},"end":{"line":20,"column":45}},"10":{"start":{"line":22,"column":6},"end":{"line":22,"column":58}},"11":{"start":{"line":24,"column":6},"end":{"line":74,"column":7}},"12":{"start":{"line":26,"column":26},"end":{"line":28,"column":10}},"13":{"start":{"line":30,"column":8},"end":{"line":30,"column":54}},"14":{"start":{"line":33,"column":8},"end":{"line":59,"column":9}},"15":{"start":{"line":35,"column":31},"end":{"line":35,"column":55}},"16":{"start":{"line":37,"column":10},"end":{"line":37,"column":63}},"17":{"start":{"line":39,"column":10},"end":{"line":41,"column":11}},"18":{"start":{"line":40,"column":12},"end":{"line":40,"column":81}},"19":{"start":{"line":43,"column":26},"end":{"line":43,"column":82}},"20":{"start":{"line":45,"column":10},"end":{"line":45,"column":62}},"21":{"start":{"line":50,"column":33},"end":{"line":52,"column":12}},"22":{"start":{"line":54,"column":10},"end":{"line":54,"column":69}},"23":{"start":{"line":57,"column":10},"end":{"line":57,"column":64}},"24":{"start":{"line":58,"column":10},"end":{"line":58,"column":24}},"25":{"start":{"line":62,"column":21},"end":{"line":62,"column":59}},"26":{"start":{"line":64,"column":8},"end":{"line":66,"column":9}},"27":{"start":{"line":65,"column":10},"end":{"line":65,"column":69}},"28":{"start":{"line":69,"column":8},"end":{"line":69,"column":54}},"29":{"start":{"line":70,"column":8},"end":{"line":70,"column":15}},"30":{"start":{"line":72,"column":8},"end":{"line":72,"column":66}},"31":{"start":{"line":73,"column":8},"end":{"line":73,"column":81}},"32":{"start":{"line":76,"column":6},"end":{"line":76,"column":71}},"33":{"start":{"line":79,"column":4},"end":{"line":79,"column":58}},"34":{"start":{"line":80,"column":4},"end":{"line":80,"column":47}},"35":{"start":{"line":81,"column":4},"end":{"line":81,"column":70}},"36":{"start":{"line":85,"column":0},"end":{"line":85,"column":34}}},"fnMap":{"0":{"name":"(anonymous_0)","decl":{"start":{"line":8,"column":25},"end":{"line":8,"column":26}},"loc":{"start":{"line":8,"column":51},"end":{"line":83,"column":1}},"line":8}},"branchMap":{"0":{"loc":{"start":{"line":14,"column":4},"end":{"line":16,"column":5}},"type":"if","locations":[{"start":{"line":14,"column":4},"end":{"line":16,"column":5}},{"start":{},"end":{}}],"line":14},"1":{"loc":{"start":{"line":18,"column":4},"end":{"line":77,"column":5}},"type":"if","locations":[{"start":{"line":18,"column":4},"end":{"line":77,"column":5}},{"start":{"line":75,"column":11},"end":{"line":77,"column":5}}],"line":18},"2":{"loc":{"start":{"line":33,"column":8},"end":{"line":59,"column":9}},"type":"if","locations":[{"start":{"line":33,"column":8},"end":{"line":59,"column":9}},{"start":{},"end":{}}],"line":33},"3":{"loc":{"start":{"line":33,"column":12},"end":{"line":33,"column":43}},"type":"binary-expr","locations":[{"start":{"line":33,"column":12},"end":{"line":33,"column":22}},{"start":{"line":33,"column":26},"end":{"line":33,"column":43}}],"line":33},"4":{"loc":{"start":{"line":39,"column":10},"end":{"line":41,"column":11}},"type":"if","locations":[{"start":{"line":39,"column":10},"end":{"line":41,"column":11}},{"start":{},"end":{}}],"line":39},"5":{"loc":{"start":{"line":64,"column":8},"end":{"line":66,"column":9}},"type":"if","locations":[{"start":{"line":64,"column":8},"end":{"line":66,"column":9}},{"start":{},"end":{}}],"line":64}},"s":{"0":1,"1":1,"2":1,"3":0,"4":0,"5":0,"6":0,"7":0,"8":0,"9":0,"10":0,"11":0,"12":0,"13":0,"14":0,"15":0,"16":0,"17":0,"18":0,"19":0,"20":0,"21":0,"22":0,"23":0,"24":0,"25":0,"26":0,"27":0,"28":0,"29":0,"30":0,"31":0,"32":0,"33":0,"34":0,"35":0,"36":1},"f":{"0":0},"b":{"0":[0,0],"1":[0,0],"2":[0,0],"3":[0,0],"4":[0,0],"5":[0,0]},"_coverageSchema":"1a1c01bbd47fc00a2c39e90264f33305004495a9","hash":"39a67b89f8dde2700f80e4fdf2044ffbe8c91801"}
,"C:\\Users\\savel\\Documents\\petpals\\PROJECT\\SPRINT2\\backend\\middleware\\errorHandler.js": {"path":"C:\\Users\\savel\\Documents\\petpals\\PROJECT\\SPRINT2\\backend\\middleware\\errorHandler.js","statementMap":{"0":{"start":{"line":4,"column":21},"end":{"line":12,"column":1}},"1":{"start":{"line":5,"column":2},"end":{"line":5,"column":27}},"2":{"start":{"line":7,"column":2},"end":{"line":11,"column":5}},"3":{"start":{"line":14,"column":0},"end":{"line":14,"column":30}}},"fnMap":{"0":{"name":"(anonymous_0)","decl":{"start":{"line":4,"column":21},"end":{"line":4,"column":22}},"loc":{"start":{"line":4,"column":46},"end":{"line":12,"column":1}},"line":4}},"branchMap":{},"s":{"0":1,"1":0,"2":0,"3":1},"f":{"0":0},"b":{},"_coverageSchema":"1a1c01bbd47fc00a2c39e90264f33305004495a9","hash":"8d9679844848d26482c76f710bf2b263aa220a41"}
,"C:\\Users\\savel\\Documents\\petpals\\PROJECT\\SPRINT2\\backend\\middleware\\notFound.js": {"path":"C:\\Users\\savel\\Documents\\petpals\\PROJECT\\SPRINT2\\backend\\middleware\\notFound.js","statementMap":{"0":{"start":{"line":4,"column":16},"end":{"line":4,"column":34}},"1":{"start":{"line":6,"column":17},"end":{"line":12,"column":1}},"2":{"start":{"line":7,"column":14},"end":{"line":10,"column":3}},"3":{"start":{"line":11,"column":2},"end":{"line":11,"column":41}},"4":{"start":{"line":14,"column":0},"end":{"line":14,"column":26}}},"fnMap":{"0":{"name":"(anonymous_0)","decl":{"start":{"line":6,"column":17},"end":{"line":6,"column":18}},"loc":{"start":{"line":6,"column":37},"end":{"line":12,"column":1}},"line":6}},"branchMap":{},"s":{"0":1,"1":1,"2":0,"3":0,"4":1},"f":{"0":0},"b":{},"_coverageSchema":"1a1c01bbd47fc00a2c39e90264f33305004495a9","hash":"23623dc23d113dd169642e83f9000a462d262a07"}
,"C:\\Users\\savel\\Documents\\petpals\\PROJECT\\SPRINT2\\backend\\models\\commentModel.js": {"path":"C:\\Users\\savel\\Documents\\petpals\\PROJECT\\SPRINT2\\backend\\models\\commentModel.js","statementMap":{"0":{"start":{"line":5,"column":17},"end":{"line":5,"column":36}},"1":{"start":{"line":7,"column":22},"end":{"line":23,"column":1}},"2":{"start":{"line":25,"column":0},"end":{"line":25,"column":58}}},"fnMap":{},"branchMap":{},"s":{"0":1,"1":1,"2":1},"f":{},"b":{},"_coverageSchema":"1a1c01bbd47fc00a2c39e90264f33305004495a9","hash":"9e62e995b9626b417636992102fa557a971e3877"}
,"C:\\Users\\savel\\Documents\\petpals\\PROJECT\\SPRINT2\\backend\\models\\conversationModel.js": {"path":"C:\\Users\\savel\\Documents\\petpals\\PROJECT\\SPRINT2\\backend\\models\\conversationModel.js","statementMap":{"0":{"start":{"line":5,"column":17},"end":{"line":5,"column":36}},"1":{"start":{"line":7,"column":27},"end":{"line":16,"column":1}},"2":{"start":{"line":18,"column":0},"end":{"line":18,"column":68}}},"fnMap":{},"branchMap":{},"s":{"0":1,"1":1,"2":1},"f":{},"b":{},"_coverageSchema":"1a1c01bbd47fc00a2c39e90264f33305004495a9","hash":"f053eca7e36f72a3c4d56175d375f3926be32a5a"}
,"C:\\Users\\savel\\Documents\\petpals\\PROJECT\\SPRINT2\\backend\\models\\messageModel.js": {"path":"C:\\Users\\savel\\Documents\\petpals\\PROJECT\\SPRINT2\\backend\\models\\messageModel.js","statementMap":{"0":{"start":{"line":5,"column":17},"end":{"line":5,"column":36}},"1":{"start":{"line":7,"column":22},"end":{"line":18,"column":1}},"2":{"start":{"line":20,"column":0},"end":{"line":20,"column":58}}},"fnMap":{},"branchMap":{},"s":{"0":1,"1":1,"2":1},"f":{},"b":{},"_coverageSchema":"1a1c01bbd47fc00a2c39e90264f33305004495a9","hash":"80df673084a59d593cce13f4fe8e852a52944b06"}
,"C:\\Users\\savel\\Documents\\petpals\\PROJECT\\SPRINT2\\backend\\models\\notifyModel.js": {"path":"C:\\Users\\savel\\Documents\\petpals\\PROJECT\\SPRINT2\\backend\\models\\notifyModel.js","statementMap":{"0":{"start":{"line":5,"column":17},"end":{"line":5,"column":36}},"1":{"start":{"line":7,"column":21},"end":{"line":21,"column":1}},"2":{"start":{"line":23,"column":0},"end":{"line":23,"column":56}}},"fnMap":{},"branchMap":{},"s":{"0":1,"1":1,"2":1},"f":{},"b":{},"_coverageSchema":"1a1c01bbd47fc00a2c39e90264f33305004495a9","hash":"df64605b8d2b6c030f7c5a8d0e19b82163549e04"}
,"C:\\Users\\savel\\Documents\\petpals\\PROJECT\\SPRINT2\\backend\\models\\postModel.js": {"path":"C:\\Users\\savel\\Documents\\petpals\\PROJECT\\SPRINT2\\backend\\models\\postModel.js","statementMap":{"0":{"start":{"line":5,"column":17},"end":{"line":5,"column":36}},"1":{"start":{"line":7,"column":19},"end":{"line":21,"column":1}},"2":{"start":{"line":23,"column":0},"end":{"line":23,"column":52}}},"fnMap":{},"branchMap":{},"s":{"0":1,"1":1,"2":1},"f":{},"b":{},"_coverageSchema":"1a1c01bbd47fc00a2c39e90264f33305004495a9","hash":"0b092599a46652f21bede04cd6d4afb99db8d399"}
,"C:\\Users\\savel\\Documents\\petpals\\PROJECT\\SPRINT2\\backend\\models\\userModel.js": {"path":"C:\\Users\\savel\\Documents\\petpals\\PROJECT\\SPRINT2\\backend\\models\\userModel.js","statementMap":{"0":{"start":{"line":7,"column":17},"end":{"line":7,"column":36}},"1":{"start":{"line":9,"column":19},"end":{"line":48,"column":1}},"2":{"start":{"line":50,"column":0},"end":{"line":50,"column":52}}},"fnMap":{},"branchMap":{},"s":{"0":1,"1":1,"2":1},"f":{},"b":{},"_coverageSchema":"1a1c01bbd47fc00a2c39e90264f33305004495a9","hash":"23f802e4845cf6c5c8dbb8dfc274322f9248d012"}
,"C:\\Users\\savel\\Documents\\petpals\\PROJECT\\SPRINT2\\backend\\routers\\authRouter.js": {"path":"C:\\Users\\savel\\Documents\\petpals\\PROJECT\\SPRINT2\\backend\\routers\\authRouter.js","statementMap":{"0":{"start":{"line":5,"column":16},"end":{"line":5,"column":34}},"1":{"start":{"line":6,"column":15},"end":{"line":6,"column":31}},"2":{"start":{"line":7,"column":23},"end":{"line":7,"column":63}},"3":{"start":{"line":9,"column":0},"end":{"line":9,"column":44}},"4":{"start":{"line":10,"column":0},"end":{"line":10,"column":50}},"5":{"start":{"line":11,"column":0},"end":{"line":11,"column":46}},"6":{"start":{"line":14,"column":0},"end":{"line":17,"column":3}},"7":{"start":{"line":15,"column":23},"end":{"line":15,"column":80}},"8":{"start":{"line":16,"column":2},"end":{"line":16,"column":29}},"9":{"start":{"line":19,"column":0},"end":{"line":19,"column":24}}},"fnMap":{"0":{"name":"(anonymous_0)","decl":{"start":{"line":14,"column":30},"end":{"line":14,"column":31}},"loc":{"start":{"line":14,"column":44},"end":{"line":17,"column":1}},"line":14}},"branchMap":{},"s":{"0":1,"1":1,"2":1,"3":1,"4":1,"5":1,"6":1,"7":0,"8":0,"9":1},"f":{"0":0},"b":{},"_coverageSchema":"1a1c01bbd47fc00a2c39e90264f33305004495a9","hash":"ec80cf0ecc3fdfc80b41b2fd78d7ebda0f026fec"}
,"C:\\Users\\savel\\Documents\\petpals\\PROJECT\\SPRINT2\\backend\\routers\\commentRouter.js": {"path":"C:\\Users\\savel\\Documents\\petpals\\PROJECT\\SPRINT2\\backend\\routers\\commentRouter.js","statementMap":{"0":{"start":{"line":6,"column":15},"end":{"line":6,"column":42}},"1":{"start":{"line":7,"column":26},"end":{"line":7,"column":69}},"2":{"start":{"line":8,"column":23},"end":{"line":8,"column":62}},"3":{"start":{"line":10,"column":0},"end":{"line":10,"column":77}},"4":{"start":{"line":11,"column":0},"end":{"line":11,"column":78}},"5":{"start":{"line":12,"column":0},"end":{"line":12,"column":81}},"6":{"start":{"line":13,"column":0},"end":{"line":13,"column":85}},"7":{"start":{"line":14,"column":0},"end":{"line":14,"column":79}},"8":{"start":{"line":16,"column":0},"end":{"line":16,"column":24}}},"fnMap":{},"branchMap":{},"s":{"0":1,"1":1,"2":1,"3":1,"4":1,"5":1,"6":1,"7":1,"8":1},"f":{},"b":{},"_coverageSchema":"1a1c01bbd47fc00a2c39e90264f33305004495a9","hash":"8c5cc92d844f33786fd619aaf1ff5c621c542bde"}
,"C:\\Users\\savel\\Documents\\petpals\\PROJECT\\SPRINT2\\backend\\routers\\messageRouter.js": {"path":"C:\\Users\\savel\\Documents\\petpals\\PROJECT\\SPRINT2\\backend\\routers\\messageRouter.js","statementMap":{"0":{"start":{"line":5,"column":15},"end":{"line":5,"column":42}},"1":{"start":{"line":6,"column":26},"end":{"line":6,"column":69}},"2":{"start":{"line":7,"column":23},"end":{"line":7,"column":62}},"3":{"start":{"line":9,"column":0},"end":{"line":9,"column":73}},"4":{"start":{"line":10,"column":0},"end":{"line":10,"column":85}},"5":{"start":{"line":11,"column":0},"end":{"line":11,"column":74}},"6":{"start":{"line":12,"column":0},"end":{"line":12,"column":80}},"7":{"start":{"line":14,"column":0},"end":{"line":14,"column":24}}},"fnMap":{},"branchMap":{},"s":{"0":1,"1":1,"2":1,"3":1,"4":1,"5":1,"6":1,"7":1},"f":{},"b":{},"_coverageSchema":"1a1c01bbd47fc00a2c39e90264f33305004495a9","hash":"6cdd8f30f1708b260af3dcf0507b4f1cf91a810c"}
,"C:\\Users\\savel\\Documents\\petpals\\PROJECT\\SPRINT2\\backend\\routers\\notifyRouter.js": {"path":"C:\\Users\\savel\\Documents\\petpals\\PROJECT\\SPRINT2\\backend\\routers\\notifyRouter.js","statementMap":{"0":{"start":{"line":5,"column":15},"end":{"line":5,"column":42}},"1":{"start":{"line":6,"column":25},"end":{"line":6,"column":67}},"2":{"start":{"line":7,"column":23},"end":{"line":7,"column":62}},"3":{"start":{"line":9,"column":0},"end":{"line":9,"column":70}},"4":{"start":{"line":10,"column":0},"end":{"line":10,"column":76}},"5":{"start":{"line":11,"column":0},"end":{"line":11,"column":68}},"6":{"start":{"line":12,"column":0},"end":{"line":12,"column":86}},"7":{"start":{"line":13,"column":0},"end":{"line":13,"column":81}},"8":{"start":{"line":15,"column":0},"end":{"line":15,"column":24}}},"fnMap":{},"branchMap":{},"s":{"0":1,"1":1,"2":1,"3":1,"4":1,"5":1,"6":1,"7":1,"8":1},"f":{},"b":{},"_coverageSchema":"1a1c01bbd47fc00a2c39e90264f33305004495a9","hash":"1c707439c7c826f840ff7ca1f6c1ff61776e28df"}
,"C:\\Users\\savel\\Documents\\petpals\\PROJECT\\SPRINT2\\backend\\routers\\postRouter.js": {"path":"C:\\Users\\savel\\Documents\\petpals\\PROJECT\\SPRINT2\\backend\\routers\\postRouter.js","statementMap":{"0":{"start":{"line":6,"column":16},"end":{"line":6,"column":34}},"1":{"start":{"line":7,"column":23},"end":{"line":7,"column":63}},"2":{"start":{"line":8,"column":23},"end":{"line":8,"column":62}},"3":{"start":{"line":10,"column":15},"end":{"line":10,"column":31}},"4":{"start":{"line":12,"column":0},"end":{"line":15,"column":31}},"5":{"start":{"line":17,"column":0},"end":{"line":21,"column":53}},"6":{"start":{"line":23,"column":0},"end":{"line":23,"column":73}},"7":{"start":{"line":24,"column":0},"end":{"line":24,"column":77}},"8":{"start":{"line":25,"column":0},"end":{"line":25,"column":75}},"9":{"start":{"line":28,"column":0},"end":{"line":28,"column":24}}},"fnMap":{},"branchMap":{},"s":{"0":1,"1":1,"2":1,"3":1,"4":1,"5":1,"6":1,"7":1,"8":1,"9":1},"f":{},"b":{},"_coverageSchema":"1a1c01bbd47fc00a2c39e90264f33305004495a9","hash":"aec01a48f29c318e98a15a09f13ab9d9a9be1d0a"}
,"C:\\Users\\savel\\Documents\\petpals\\PROJECT\\SPRINT2\\backend\\routers\\userRouter.js": {"path":"C:\\Users\\savel\\Documents\\petpals\\PROJECT\\SPRINT2\\backend\\routers\\userRouter.js","statementMap":{"0":{"start":{"line":5,"column":16},"end":{"line":5,"column":34}},"1":{"start":{"line":6,"column":15},"end":{"line":6,"column":31}},"2":{"start":{"line":7,"column":23},"end":{"line":7,"column":62}},"3":{"start":{"line":8,"column":23},"end":{"line":8,"column":63}},"4":{"start":{"line":10,"column":0},"end":{"line":10,"column":65}},"5":{"start":{"line":11,"column":0},"end":{"line":11,"column":66}},"6":{"start":{"line":12,"column":0},"end":{"line":12,"column":64}},"7":{"start":{"line":13,"column":0},"end":{"line":13,"column":65}},"8":{"start":{"line":14,"column":0},"end":{"line":14,"column":76}},"9":{"start":{"line":15,"column":0},"end":{"line":15,"column":80}},"10":{"start":{"line":17,"column":0},"end":{"line":17,"column":24}}},"fnMap":{},"branchMap":{},"s":{"0":1,"1":1,"2":1,"3":1,"4":1,"5":1,"6":1,"7":1,"8":1,"9":1,"10":1},"f":{},"b":{},"_coverageSchema":"1a1c01bbd47fc00a2c39e90264f33305004495a9","hash":"823b3f6b5821d23f9762a6f2c578cded13c55923"}
}
