TN:
SF:app.js
FN:25,(anonymous_0)
FNF:1
FNH:0
FNDA:0,(anonymous_0)
DA:1,1
DA:2,1
DA:3,1
DA:4,1
DA:5,1
DA:6,1
DA:7,1
DA:8,1
DA:9,1
DA:16,1
DA:18,1
DA:20,1
DA:21,1
DA:23,1
DA:25,1
DA:27,1
DA:28,1
DA:29,1
DA:31,1
DA:32,1
DA:34,1
LF:21
LH:21
BRF:0
BRH:0
end_of_record
TN:
SF:config\db.js
FN:3,(anonymous_0)
FN:20,oo_cm
FNF:2
FNH:2
FNDA:1,(anonymous_0)
FNDA:1,oo_cm
DA:1,1
DA:3,1
DA:4,1
DA:5,1
DA:6,1
DA:8,0
DA:9,0
DA:13,1
DA:20,1
LF:9
LH:7
BRDA:20,0,0,1
BRDA:20,0,1,1
BRF:2
BRH:2
end_of_record
TN:
SF:controllers\commentController.js
FN:6,(anonymous_0)
FN:37,(anonymous_1)
FN:51,(anonymous_2)
FNF:3
FNH:0
FNDA:0,(anonymous_0)
FNDA:0,(anonymous_1)
FNDA:0,(anonymous_2)
DA:1,1
DA:2,1
DA:3,1
DA:6,1
DA:7,0
DA:8,0
DA:11,0
DA:12,0
DA:15,0
DA:16,0
DA:18,0
DA:26,0
DA:27,0
DA:29,0
DA:31,0
DA:32,0
DA:37,1
DA:38,0
DA:39,0
DA:41,0
DA:43,0
DA:45,0
DA:46,0
DA:51,1
DA:52,0
DA:53,0
DA:58,0
DA:60,0
DA:62,0
DA:63,0
DA:67,1
LF:31
LH:7
BRDA:11,0,0,0
BRDA:11,0,1,0
BRDA:16,1,0,0
BRDA:16,1,1,0
BRF:4
BRH:0
end_of_record
TN:
SF:controllers\postController.js
FN:5,(anonymous_0)
FN:16,(anonymous_1)
FN:30,(anonymous_2)
FN:43,(anonymous_3)
FN:60,(anonymous_4)
FN:76,(anonymous_5)
FN:95,(anonymous_6)
FNF:7
FNH:0
FNDA:0,(anonymous_0)
FNDA:0,(anonymous_1)
FNDA:0,(anonymous_2)
FNDA:0,(anonymous_3)
FNDA:0,(anonymous_4)
FNDA:0,(anonymous_5)
FNDA:0,(anonymous_6)
DA:1,1
DA:2,1
DA:5,1
DA:6,0
DA:7,0
DA:8,0
DA:10,0
DA:11,0
DA:16,1
DA:17,0
DA:19,0
DA:20,0
DA:21,0
DA:22,0
DA:24,0
DA:25,0
DA:30,1
DA:31,0
DA:33,0
DA:34,0
DA:35,0
DA:37,0
DA:38,0
DA:43,1
DA:44,0
DA:45,0
DA:47,0
DA:48,0
DA:49,0
DA:50,0
DA:52,0
DA:54,0
DA:55,0
DA:60,1
DA:61,0
DA:63,0
DA:64,0
DA:65,0
DA:66,0
DA:68,0
DA:70,0
DA:71,0
DA:76,1
DA:77,0
DA:79,0
DA:81,0
DA:83,0
DA:84,0
DA:87,0
DA:89,0
DA:90,0
DA:95,1
DA:96,0
DA:98,0
DA:100,0
DA:102,0
DA:103,0
DA:106,0
DA:108,0
DA:109,0
DA:113,1
LF:61
LH:10
BRDA:49,0,0,0
BRDA:49,0,1,0
BRDA:65,1,0,0
BRDA:65,1,1,0
BRDA:83,2,0,0
BRDA:83,2,1,0
BRDA:102,3,0,0
BRDA:102,3,1,0
BRF:8
BRH:0
end_of_record
TN:
SF:controllers\userController.js
FN:6,(anonymous_0)
FN:10,(anonymous_1)
FN:22,(anonymous_2)
FN:34,(anonymous_3)
FN:43,(anonymous_4)
FN:57,(anonymous_5)
FN:94,(anonymous_6)
FN:107,(anonymous_7)
FN:146,(anonymous_8)
FN:162,(anonymous_9)
FNF:10
FNH:5
FNDA:4,(anonymous_0)
FNDA:7,(anonymous_1)
FNDA:7,(anonymous_2)
FNDA:1,(anonymous_3)
FNDA:0,(anonymous_4)
FNDA:1,(anonymous_5)
FNDA:0,(anonymous_6)
FNDA:0,(anonymous_7)
FNDA:0,(anonymous_8)
FNDA:0,(anonymous_9)
DA:1,1
DA:2,1
DA:3,1
DA:4,1
DA:6,1
DA:7,4
DA:10,1
DA:11,7
DA:13,7
DA:14,7
DA:15,1
DA:16,1
DA:18,6
DA:22,1
DA:23,7
DA:25,7
DA:26,7
DA:27,3
DA:28,3
DA:30,4
DA:34,1
DA:35,1
DA:36,1
DA:37,1
DA:39,0
DA:43,1
DA:44,0
DA:45,0
DA:46,0
DA:47,0
DA:48,0
DA:50,0
DA:52,0
DA:53,0
DA:57,1
DA:58,1
DA:62,1
DA:64,1
DA:65,0
DA:69,1
DA:72,1
DA:73,1
DA:74,0
DA:77,1
DA:83,1
DA:84,0
DA:87,1
DA:89,0
DA:90,0
DA:94,1
DA:95,0
DA:99,0
DA:101,0
DA:103,0
DA:104,0
DA:107,0
DA:108,0
DA:111,0
DA:112,0
DA:117,0
DA:130,0
DA:140,0
DA:142,0
DA:146,1
DA:147,0
DA:151,0
DA:154,0
DA:157,0
DA:158,0
DA:162,0
DA:163,0
DA:167,0
DA:168,0
DA:172,0
DA:179,0
DA:185,0
DA:187,0
DA:191,1
LF:78
LH:38
BRDA:47,0,0,0
BRDA:47,0,1,0
BRDA:64,1,0,0
BRDA:64,1,1,1
BRDA:64,2,0,1
BRDA:64,2,1,1
BRDA:64,2,2,1
BRDA:73,3,0,0
BRDA:73,3,1,1
BRDA:83,4,0,0
BRDA:83,4,1,1
BRDA:103,5,0,0
BRDA:103,5,1,0
BRDA:111,6,0,0
BRDA:111,6,1,0
BRDA:157,7,0,0
BRDA:157,7,1,0
BRDA:162,8,0,0
BRDA:162,8,1,0
BRDA:163,9,0,0
BRDA:163,9,1,0
BRDA:163,9,2,0
BRDA:167,10,0,0
BRDA:167,10,1,0
BRF:24
BRH:6
end_of_record
TN:
SF:middleware\customMiddleware.js
FN:2,(anonymous_0)
FN:11,(anonymous_1)
FN:16,(anonymous_2)
FN:34,oo_cm
FNF:4
FNH:2
FNDA:20,(anonymous_0)
FNDA:0,(anonymous_1)
FNDA:0,(anonymous_2)
FNDA:80,oo_cm
DA:2,1
DA:3,20
DA:4,20
DA:5,20
DA:6,20
DA:7,20
DA:11,1
DA:12,0
DA:16,1
DA:17,0
DA:20,0
DA:22,0
DA:27,1
DA:34,80
LF:14
LH:10
BRDA:20,0,0,0
BRDA:20,0,1,0
BRDA:34,1,0,80
BRDA:34,1,1,0
BRF:4
BRH:1
end_of_record
TN:
SF:middleware\requireAuth.js
FN:4,(anonymous_0)
FN:36,oo_cm
FNF:2
FNH:2
FNDA:6,(anonymous_0)
FNDA:3,oo_cm
DA:1,1
DA:2,1
DA:4,1
DA:5,6
DA:7,6
DA:8,1
DA:11,5
DA:13,5
DA:14,5
DA:15,2
DA:17,2
DA:18,0
DA:21,2
DA:22,2
DA:24,3
DA:25,3
DA:29,1
DA:36,3
LF:18
LH:17
BRDA:7,0,0,1
BRDA:7,0,1,5
BRDA:17,1,0,0
BRDA:17,1,1,2
BRDA:36,2,0,3
BRDA:36,2,1,0
BRF:6
BRH:4
end_of_record
TN:
SF:models\commentModel.js
FNF:0
FNH:0
DA:1,1
DA:3,1
DA:20,1
LF:3
LH:3
BRF:0
BRH:0
end_of_record
TN:
SF:models\postModel.js
FNF:0
FNH:0
DA:1,1
DA:3,1
DA:19,1
LF:3
LH:3
BRF:0
BRH:0
end_of_record
TN:
SF:models\userModel.js
FN:30,(anonymous_0)
FN:62,(anonymous_1)
FNF:2
FNH:2
FNDA:7,(anonymous_0)
FNDA:7,(anonymous_1)
DA:1,1
DA:2,1
DA:3,1
DA:5,1
DA:7,1
DA:30,1
DA:31,7
DA:33,7
DA:34,4
DA:36,3
DA:37,0
DA:39,3
DA:40,0
DA:42,3
DA:43,1
DA:46,2
DA:47,2
DA:48,1
DA:51,1
DA:52,1
DA:54,1
DA:55,1
DA:57,6
DA:62,1
DA:63,7
DA:64,7
DA:65,0
DA:68,7
DA:69,7
DA:70,3
DA:73,4
DA:74,4
DA:75,1
DA:78,3
DA:80,4
DA:84,1
LF:36
LH:33
BRDA:33,0,0,4
BRDA:33,0,1,3
BRDA:33,1,0,7
BRDA:33,1,1,3
BRDA:33,1,2,3
BRDA:36,2,0,0
BRDA:36,2,1,3
BRDA:39,3,0,0
BRDA:39,3,1,3
BRDA:42,4,0,1
BRDA:42,4,1,2
BRDA:47,5,0,1
BRDA:47,5,1,1
BRDA:64,6,0,0
BRDA:64,6,1,7
BRDA:64,7,0,7
BRDA:64,7,1,7
BRDA:69,8,0,3
BRDA:69,8,1,4
BRDA:74,9,0,1
BRDA:74,9,1,3
BRF:21
BRH:18
end_of_record
TN:
SF:routers\commentRouter.js
FNF:0
FNH:0
DA:1,1
DA:2,1
DA:3,1
DA:6,1
DA:9,1
DA:12,1
DA:15,1
DA:17,1
LF:8
LH:8
BRF:0
BRH:0
end_of_record
TN:
SF:routers\postRouter.js
FNF:0
FNH:0
DA:1,1
DA:2,1
DA:11,1
DA:12,1
DA:15,1
DA:18,1
DA:21,1
DA:24,1
DA:27,1
DA:30,1
DA:33,1
DA:36,1
DA:38,1
LF:13
LH:13
BRF:0
BRH:0
end_of_record
TN:
SF:routers\userRouter.js
FNF:0
FNH:0
DA:1,1
DA:2,1
DA:3,1
DA:12,1
DA:15,1
DA:18,1
DA:21,1
DA:24,1
DA:27,1
DA:30,1
DA:33,1
DA:36,1
DA:38,1
LF:13
LH:13
BRF:0
BRH:0
end_of_record
