TN:
SF:app.js
FN:23,(anonymous_0)
FN:36,(anonymous_1)
FN:43,errHandler
FN:55,(anonymous_3)
FN:64,(anonymous_4)
FN:75,oo_cm
FNF:6
FNH:2
FNDA:0,(anonymous_0)
FNDA:0,(anonymous_1)
FNDA:0,errHandler
FNDA:0,(anonymous_3)
FNDA:1,(anonymous_4)
FNDA:1,oo_cm
DA:1,1
DA:2,1
DA:3,1
DA:4,1
DA:5,1
DA:6,1
DA:7,1
DA:8,1
DA:9,1
DA:10,1
DA:11,1
DA:13,1
DA:14,1
DA:16,1
DA:18,1
DA:19,1
DA:21,1
DA:24,0
DA:28,1
DA:35,1
DA:36,1
DA:37,0
DA:44,0
DA:45,0
DA:51,1
DA:53,1
DA:55,1
DA:57,1
DA:58,1
DA:59,1
DA:61,1
DA:62,1
DA:64,1
DA:65,1
DA:68,1
DA:75,1
LF:36
LH:32
BRDA:44,0,0,0
BRDA:44,0,1,0
BRDA:75,1,0,1
BRDA:75,1,1,1
BRF:4
BRH:2
end_of_record
TN:
SF:config\db.js
FN:3,(anonymous_0)
FN:20,oo_cm
FNF:2
FNH:2
FNDA:1,(anonymous_0)
FNDA:1,oo_cm
DA:1,1
DA:3,1
DA:4,1
DA:5,1
DA:6,1
DA:8,0
DA:9,0
DA:13,1
DA:20,1
LF:9
LH:7
BRDA:20,0,0,1
BRDA:20,0,1,0
BRF:2
BRH:1
end_of_record
TN:
SF:controllers\commentController.js
FN:6,(anonymous_0)
FN:18,(anonymous_1)
FN:36,(anonymous_2)
FN:54,(anonymous_3)
FNF:4
FNH:0
FNDA:0,(anonymous_0)
FNDA:0,(anonymous_1)
FNDA:0,(anonymous_2)
FNDA:0,(anonymous_3)
DA:1,1
DA:2,1
DA:3,1
DA:6,1
DA:7,0
DA:8,0
DA:9,0
DA:10,0
DA:12,0
DA:13,0
DA:18,1
DA:19,0
DA:20,0
DA:21,0
DA:22,0
DA:23,0
DA:24,0
DA:25,0
DA:26,0
DA:27,0
DA:28,0
DA:30,0
DA:31,0
DA:36,1
DA:37,0
DA:38,0
DA:39,0
DA:41,0
DA:42,0
DA:44,0
DA:47,0
DA:48,0
DA:54,1
DA:55,0
DA:56,0
DA:57,0
DA:58,0
DA:59,0
DA:61,0
DA:63,0
DA:64,0
DA:68,1
LF:42
LH:8
BRDA:41,0,0,0
BRDA:41,0,1,0
BRDA:58,1,0,0
BRDA:58,1,1,0
BRF:4
BRH:0
end_of_record
TN:
SF:controllers\postController.js
FN:5,(anonymous_0)
FN:20,(anonymous_1)
FN:38,(anonymous_2)
FN:58,(anonymous_3)
FN:78,(anonymous_4)
FN:94,(anonymous_5)
FN:116,(anonymous_6)
FN:128,(anonymous_7)
FNF:8
FNH:0
FNDA:0,(anonymous_0)
FNDA:0,(anonymous_1)
FNDA:0,(anonymous_2)
FNDA:0,(anonymous_3)
FNDA:0,(anonymous_4)
FNDA:0,(anonymous_5)
FNDA:0,(anonymous_6)
FNDA:0,(anonymous_7)
DA:1,1
DA:2,1
DA:5,1
DA:6,0
DA:8,0
DA:10,0
DA:11,0
DA:12,0
DA:13,0
DA:15,0
DA:16,0
DA:20,1
DA:21,0
DA:23,0
DA:24,0
DA:28,0
DA:29,0
DA:30,0
DA:32,0
DA:33,0
DA:38,1
DA:39,0
DA:40,0
DA:41,0
DA:44,0
DA:45,0
DA:46,0
DA:47,0
DA:48,0
DA:50,0
DA:52,0
DA:53,0
DA:58,1
DA:59,0
DA:60,0
DA:61,0
DA:62,0
DA:67,0
DA:68,0
DA:70,0
DA:72,0
DA:73,0
DA:78,1
DA:79,0
DA:80,0
DA:81,0
DA:82,0
DA:83,0
DA:84,0
DA:86,0
DA:88,0
DA:89,0
DA:94,1
DA:95,0
DA:96,0
DA:97,0
DA:98,0
DA:99,0
DA:100,0
DA:102,0
DA:103,0
DA:105,0
DA:106,0
DA:107,0
DA:110,0
DA:111,0
DA:116,1
DA:117,0
DA:119,0
DA:120,0
DA:121,0
DA:122,0
DA:123,0
DA:125,0
DA:126,0
DA:128,0
DA:129,0
DA:130,0
DA:133,0
DA:134,0
DA:140,1
LF:81
LH:10
BRDA:23,0,0,0
BRDA:23,0,1,0
BRDA:40,1,0,0
BRDA:40,1,1,0
BRDA:47,2,0,0
BRDA:47,2,1,0
BRDA:67,3,0,0
BRDA:67,3,1,0
BRDA:83,4,0,0
BRDA:83,4,1,0
BRDA:99,5,0,0
BRDA:99,5,1,0
BRDA:102,6,0,0
BRDA:102,6,1,0
BRDA:122,7,0,0
BRDA:122,7,1,0
BRDA:125,8,0,0
BRDA:125,8,1,0
BRF:18
BRH:0
end_of_record
TN:
SF:controllers\userController.js
FN:4,(anonymous_0)
FN:8,(anonymous_1)
FN:21,(anonymous_2)
FN:34,(anonymous_3)
FN:43,(anonymous_4)
FN:55,(anonymous_5)
FN:72,(anonymous_6)
FN:86,(anonymous_7)
FN:93,(anonymous_8)
FNF:9
FNH:8
FNDA:9,(anonymous_0)
FNDA:8,(anonymous_1)
FNDA:4,(anonymous_2)
FNDA:1,(anonymous_3)
FNDA:1,(anonymous_4)
FNDA:1,(anonymous_5)
FNDA:2,(anonymous_6)
FNDA:1,(anonymous_7)
FNDA:0,(anonymous_8)
DA:1,1
DA:2,1
DA:4,1
DA:5,9
DA:8,1
DA:9,8
DA:11,8
DA:12,8
DA:13,7
DA:14,7
DA:16,1
DA:21,1
DA:22,4
DA:24,4
DA:25,4
DA:26,2
DA:27,2
DA:29,2
DA:34,1
DA:35,1
DA:36,1
DA:37,1
DA:39,0
DA:43,1
DA:44,1
DA:45,1
DA:46,0
DA:47,0
DA:49,0
DA:51,1
DA:55,1
DA:56,1
DA:57,1
DA:58,1
DA:63,0
DA:64,0
DA:66,0
DA:68,1
DA:72,1
DA:73,2
DA:74,2
DA:75,0
DA:76,0
DA:79,0
DA:80,0
DA:81,0
DA:83,2
DA:86,1
DA:87,1
DA:88,1
DA:89,0
DA:90,0
DA:93,0
DA:94,0
DA:95,0
DA:97,1
DA:101,1
LF:57
LH:40
BRDA:46,0,0,0
BRDA:46,0,1,0
BRDA:63,1,0,0
BRDA:63,1,1,0
BRDA:75,2,0,0
BRDA:75,2,1,0
BRDA:89,3,0,0
BRDA:89,3,1,0
BRF:8
BRH:0
end_of_record
TN:
SF:middleware\customMiddleware.js
FN:2,(anonymous_0)
FN:11,(anonymous_1)
FN:16,(anonymous_2)
FN:34,oo_cm
FNF:4
FNH:2
FNDA:18,(anonymous_0)
FNDA:0,(anonymous_1)
FNDA:0,(anonymous_2)
FNDA:72,oo_cm
DA:2,1
DA:3,18
DA:4,18
DA:5,18
DA:6,18
DA:7,18
DA:11,1
DA:12,0
DA:16,1
DA:17,0
DA:20,0
DA:22,0
DA:27,1
DA:34,72
LF:14
LH:10
BRDA:20,0,0,0
BRDA:20,0,1,0
BRDA:34,1,0,72
BRDA:34,1,1,0
BRF:4
BRH:1
end_of_record
TN:
SF:models\commentModel.js
FNF:0
FNH:0
DA:1,1
DA:3,1
DA:11,1
LF:3
LH:3
BRF:0
BRH:0
end_of_record
TN:
SF:models\postModel.js
FNF:0
FNH:0
DA:1,1
DA:3,1
DA:14,1
LF:3
LH:3
BRF:0
BRH:0
end_of_record
TN:
SF:models\userModel.js
FN:30,(anonymous_0)
FN:62,(anonymous_1)
FNF:2
FNH:2
FNDA:8,(anonymous_0)
FNDA:4,(anonymous_1)
DA:1,1
DA:2,1
DA:3,1
DA:5,1
DA:7,1
DA:30,1
DA:31,8
DA:33,8
DA:34,0
DA:36,8
DA:37,0
DA:39,8
DA:40,0
DA:42,8
DA:43,1
DA:46,7
DA:47,7
DA:48,0
DA:51,7
DA:52,7
DA:54,7
DA:55,7
DA:57,1
DA:62,1
DA:63,4
DA:64,4
DA:65,0
DA:68,4
DA:69,4
DA:70,2
DA:73,2
DA:74,2
DA:75,0
DA:78,2
DA:80,2
DA:84,1
LF:36
LH:30
BRDA:33,0,0,0
BRDA:33,0,1,8
BRDA:33,1,0,8
BRDA:33,1,1,8
BRDA:33,1,2,8
BRDA:36,2,0,0
BRDA:36,2,1,8
BRDA:39,3,0,0
BRDA:39,3,1,8
BRDA:42,4,0,1
BRDA:42,4,1,7
BRDA:47,5,0,0
BRDA:47,5,1,7
BRDA:64,6,0,0
BRDA:64,6,1,4
BRDA:64,7,0,4
BRDA:64,7,1,4
BRDA:69,8,0,2
BRDA:69,8,1,2
BRDA:74,9,0,0
BRDA:74,9,1,2
BRF:21
BRH:15
end_of_record
TN:
SF:routers\commentRouter.js
FNF:0
FNH:0
DA:1,1
DA:2,1
DA:5,1
DA:8,1
DA:11,1
DA:14,1
DA:16,1
LF:7
LH:7
BRF:0
BRH:0
end_of_record
TN:
SF:routers\postRouter.js
FNF:0
FNH:0
DA:1,1
DA:2,1
DA:11,1
DA:14,1
DA:17,1
DA:20,1
DA:23,1
DA:26,1
DA:29,1
DA:32,1
DA:34,1
LF:11
LH:11
BRF:0
BRH:0
end_of_record
TN:
SF:routers\userRouter.js
FNF:0
FNH:0
DA:1,1
DA:2,1
DA:11,1
DA:14,1
DA:17,1
DA:20,1
DA:23,1
DA:26,1
DA:29,1
DA:32,1
DA:34,1
LF:11
LH:11
BRF:0
BRH:0
end_of_record
