{"C:\\Users\\bober\\Desktop\\PROJECT\\PROJECT\\SPRINT2to4\\backend\\app.js": {"path":"C:\\Users\\bober\\Desktop\\PROJECT\\PROJECT\\SPRINT2to4\\backend\\app.js","statementMap":{"0":{"start":{"line":1,"column":0},"end":{"line":1,"column":27}},"1":{"start":{"line":2,"column":16},"end":{"line":2,"column":34}},"2":{"start":{"line":3,"column":17},"end":{"line":3,"column":36}},"3":{"start":{"line":4,"column":13},"end":{"line":4,"column":28}},"4":{"start":{"line":5,"column":18},"end":{"line":5,"column":40}},"5":{"start":{"line":6,"column":25},"end":{"line":6,"column":65}},"6":{"start":{"line":7,"column":19},"end":{"line":7,"column":50}},"7":{"start":{"line":8,"column":19},"end":{"line":8,"column":50}},"8":{"start":{"line":9,"column":22},"end":{"line":9,"column":56}},"9":{"start":{"line":14,"column":12},"end":{"line":14,"column":21}},"10":{"start":{"line":16,"column":0},"end":{"line":16,"column":12}},"11":{"start":{"line":18,"column":0},"end":{"line":18,"column":16}},"12":{"start":{"line":19,"column":0},"end":{"line":19,"column":24}},"13":{"start":{"line":53,"column":0},"end":{"line":53,"column":40}},"14":{"start":{"line":55,"column":0},"end":{"line":55,"column":60}},"15":{"start":{"line":55,"column":27},"end":{"line":55,"column":58}},"16":{"start":{"line":57,"column":0},"end":{"line":57,"column":34}},"17":{"start":{"line":58,"column":0},"end":{"line":58,"column":34}},"18":{"start":{"line":59,"column":0},"end":{"line":59,"column":37}},"19":{"start":{"line":61,"column":0},"end":{"line":61,"column":42}},"20":{"start":{"line":62,"column":0},"end":{"line":62,"column":39}},"21":{"start":{"line":64,"column":0},"end":{"line":64,"column":21}}},"fnMap":{"0":{"name":"(anonymous_0)","decl":{"start":{"line":55,"column":13},"end":{"line":55,"column":14}},"loc":{"start":{"line":55,"column":27},"end":{"line":55,"column":58}},"line":55}},"branchMap":{},"s":{"0":3,"1":3,"2":3,"3":3,"4":3,"5":3,"6":3,"7":3,"8":3,"9":3,"10":3,"11":3,"12":3,"13":3,"14":3,"15":0,"16":3,"17":3,"18":3,"19":3,"20":3,"21":3},"f":{"0":0},"b":{},"_coverageSchema":"1a1c01bbd47fc00a2c39e90264f33305004495a9","hash":"6dd95197b912b472cbb9f698703056108aee53aa"}
,"C:\\Users\\bober\\Desktop\\PROJECT\\PROJECT\\SPRINT2to4\\backend\\config\\db.js": {"path":"C:\\Users\\bober\\Desktop\\PROJECT\\PROJECT\\SPRINT2to4\\backend\\config\\db.js","statementMap":{"0":{"start":{"line":1,"column":17},"end":{"line":1,"column":36}},"1":{"start":{"line":3,"column":18},"end":{"line":11,"column":1}},"2":{"start":{"line":4,"column":2},"end":{"line":10,"column":3}},"3":{"start":{"line":5,"column":17},"end":{"line":5,"column":62}},"4":{"start":{"line":6,"column":24},"end":{"line":6,"column":116}},"5":{"start":{"line":8,"column":24},"end":{"line":8,"column":77}},"6":{"start":{"line":9,"column":4},"end":{"line":9,"column":20}},"7":{"start":{"line":13,"column":0},"end":{"line":13,"column":27}},"8":{"start":{"line":20,"column":85},"end":{"line":20,"column":37416}},"9":{"start":{"line":20,"column":89},"end":{"line":20,"column":37405}}},"fnMap":{"0":{"name":"(anonymous_0)","decl":{"start":{"line":3,"column":18},"end":{"line":3,"column":19}},"loc":{"start":{"line":3,"column":30},"end":{"line":11,"column":1}},"line":3},"1":{"name":"oo_cm","decl":{"start":{"line":20,"column":77},"end":{"line":20,"column":82}},"loc":{"start":{"line":20,"column":84},"end":{"line":20,"column":37417}},"line":20}},"branchMap":{"0":{"loc":{"start":{"line":20,"column":96},"end":{"line":20,"column":37404}},"type":"binary-expr","locations":[{"start":{"line":20,"column":96},"end":{"line":20,"column":133}},{"start":{"line":20,"column":137},"end":{"line":20,"column":37404}}],"line":20}},"s":{"0":3,"1":3,"2":3,"3":3,"4":3,"5":0,"6":0,"7":3,"8":3,"9":3},"f":{"0":3,"1":3},"b":{"0":[3,3]},"_coverageSchema":"1a1c01bbd47fc00a2c39e90264f33305004495a9","hash":"2693bd4e32ab246efaec63f21778e47c51be356b"}
,"C:\\Users\\bober\\Desktop\\PROJECT\\PROJECT\\SPRINT2to4\\backend\\controllers\\commentController.js": {"path":"C:\\Users\\bober\\Desktop\\PROJECT\\PROJECT\\SPRINT2to4\\backend\\controllers\\commentController.js","statementMap":{"0":{"start":{"line":1,"column":17},"end":{"line":1,"column":36}},"1":{"start":{"line":2,"column":16},"end":{"line":2,"column":49}},"2":{"start":{"line":5,"column":20},"end":{"line":9,"column":1}},"3":{"start":{"line":6,"column":17},"end":{"line":6,"column":34}},"4":{"start":{"line":7,"column":19},"end":{"line":7,"column":58}},"5":{"start":{"line":8,"column":2},"end":{"line":8,"column":21}},"6":{"start":{"line":12,"column":19},"end":{"line":19,"column":1}},"7":{"start":{"line":13,"column":17},"end":{"line":13,"column":34}},"8":{"start":{"line":14,"column":17},"end":{"line":14,"column":28}},"9":{"start":{"line":15,"column":32},"end":{"line":15,"column":40}},"10":{"start":{"line":16,"column":21},"end":{"line":16,"column":89}},"11":{"start":{"line":17,"column":2},"end":{"line":17,"column":26}},"12":{"start":{"line":18,"column":2},"end":{"line":18,"column":35}},"13":{"start":{"line":21,"column":0},"end":{"line":21,"column":45}}},"fnMap":{"0":{"name":"(anonymous_0)","decl":{"start":{"line":5,"column":20},"end":{"line":5,"column":21}},"loc":{"start":{"line":5,"column":40},"end":{"line":9,"column":1}},"line":5},"1":{"name":"(anonymous_1)","decl":{"start":{"line":12,"column":19},"end":{"line":12,"column":20}},"loc":{"start":{"line":12,"column":39},"end":{"line":19,"column":1}},"line":12}},"branchMap":{},"s":{"0":3,"1":3,"2":3,"3":1,"4":1,"5":1,"6":3,"7":1,"8":1,"9":1,"10":1,"11":1,"12":1,"13":3},"f":{"0":1,"1":1},"b":{},"_coverageSchema":"1a1c01bbd47fc00a2c39e90264f33305004495a9","hash":"9038f81ecfcc52b5067387927a3e9642aaf66718"}
,"C:\\Users\\bober\\Desktop\\PROJECT\\PROJECT\\SPRINT2to4\\backend\\controllers\\postController.js": {"path":"C:\\Users\\bober\\Desktop\\PROJECT\\PROJECT\\SPRINT2to4\\backend\\controllers\\postController.js","statementMap":{"0":{"start":{"line":1,"column":17},"end":{"line":1,"column":36}},"1":{"start":{"line":2,"column":13},"end":{"line":2,"column":43}},"2":{"start":{"line":5,"column":17},"end":{"line":15,"column":1}},"3":{"start":{"line":6,"column":18},"end":{"line":6,"column":30}},"4":{"start":{"line":8,"column":2},"end":{"line":14,"column":3}},"5":{"start":{"line":9,"column":18},"end":{"line":9,"column":70}},"6":{"start":{"line":10,"column":4},"end":{"line":10,"column":32}},"7":{"start":{"line":12,"column":4},"end":{"line":12,"column":25}},"8":{"start":{"line":13,"column":4},"end":{"line":13,"column":52}},"9":{"start":{"line":18,"column":16},"end":{"line":30,"column":1}},"10":{"start":{"line":19,"column":29},"end":{"line":19,"column":37}},"11":{"start":{"line":21,"column":2},"end":{"line":29,"column":3}},"12":{"start":{"line":22,"column":20},"end":{"line":22,"column":32}},"13":{"start":{"line":23,"column":20},"end":{"line":23,"column":57}},"14":{"start":{"line":24,"column":4},"end":{"line":24,"column":25}},"15":{"start":{"line":25,"column":4},"end":{"line":25,"column":34}},"16":{"start":{"line":27,"column":4},"end":{"line":27,"column":25}},"17":{"start":{"line":28,"column":4},"end":{"line":28,"column":52}},"18":{"start":{"line":33,"column":16},"end":{"line":50,"column":1}},"19":{"start":{"line":34,"column":17},"end":{"line":34,"column":27}},"20":{"start":{"line":35,"column":2},"end":{"line":37,"column":3}},"21":{"start":{"line":36,"column":4},"end":{"line":36,"column":59}},"22":{"start":{"line":39,"column":2},"end":{"line":49,"column":3}},"23":{"start":{"line":40,"column":20},"end":{"line":40,"column":32}},"24":{"start":{"line":41,"column":17},"end":{"line":41,"column":73}},"25":{"start":{"line":42,"column":4},"end":{"line":44,"column":5}},"26":{"start":{"line":43,"column":6},"end":{"line":43,"column":65}},"27":{"start":{"line":45,"column":4},"end":{"line":45,"column":31}},"28":{"start":{"line":47,"column":4},"end":{"line":47,"column":25}},"29":{"start":{"line":48,"column":4},"end":{"line":48,"column":52}},"30":{"start":{"line":53,"column":19},"end":{"line":66,"column":1}},"31":{"start":{"line":54,"column":17},"end":{"line":54,"column":27}},"32":{"start":{"line":55,"column":2},"end":{"line":65,"column":3}},"33":{"start":{"line":56,"column":20},"end":{"line":56,"column":32}},"34":{"start":{"line":57,"column":17},"end":{"line":57,"column":76}},"35":{"start":{"line":58,"column":4},"end":{"line":60,"column":5}},"36":{"start":{"line":59,"column":6},"end":{"line":59,"column":65}},"37":{"start":{"line":61,"column":4},"end":{"line":61,"column":67}},"38":{"start":{"line":63,"column":4},"end":{"line":63,"column":25}},"39":{"start":{"line":64,"column":4},"end":{"line":64,"column":52}},"40":{"start":{"line":69,"column":19},"end":{"line":86,"column":1}},"41":{"start":{"line":70,"column":17},"end":{"line":70,"column":27}},"42":{"start":{"line":71,"column":2},"end":{"line":85,"column":3}},"43":{"start":{"line":72,"column":20},"end":{"line":72,"column":32}},"44":{"start":{"line":73,"column":17},"end":{"line":77,"column":5}},"45":{"start":{"line":78,"column":4},"end":{"line":80,"column":5}},"46":{"start":{"line":79,"column":6},"end":{"line":79,"column":65}},"47":{"start":{"line":81,"column":4},"end":{"line":81,"column":31}},"48":{"start":{"line":83,"column":4},"end":{"line":83,"column":25}},"49":{"start":{"line":84,"column":4},"end":{"line":84,"column":52}},"50":{"start":{"line":88,"column":0},"end":{"line":94,"column":2}}},"fnMap":{"0":{"name":"(anonymous_0)","decl":{"start":{"line":5,"column":17},"end":{"line":5,"column":18}},"loc":{"start":{"line":5,"column":37},"end":{"line":15,"column":1}},"line":5},"1":{"name":"(anonymous_1)","decl":{"start":{"line":18,"column":16},"end":{"line":18,"column":17}},"loc":{"start":{"line":18,"column":36},"end":{"line":30,"column":1}},"line":18},"2":{"name":"(anonymous_2)","decl":{"start":{"line":33,"column":16},"end":{"line":33,"column":17}},"loc":{"start":{"line":33,"column":36},"end":{"line":50,"column":1}},"line":33},"3":{"name":"(anonymous_3)","decl":{"start":{"line":53,"column":19},"end":{"line":53,"column":20}},"loc":{"start":{"line":53,"column":39},"end":{"line":66,"column":1}},"line":53},"4":{"name":"(anonymous_4)","decl":{"start":{"line":69,"column":19},"end":{"line":69,"column":20}},"loc":{"start":{"line":69,"column":39},"end":{"line":86,"column":1}},"line":69}},"branchMap":{"0":{"loc":{"start":{"line":35,"column":2},"end":{"line":37,"column":3}},"type":"if","locations":[{"start":{"line":35,"column":2},"end":{"line":37,"column":3}},{"start":{},"end":{}}],"line":35},"1":{"loc":{"start":{"line":42,"column":4},"end":{"line":44,"column":5}},"type":"if","locations":[{"start":{"line":42,"column":4},"end":{"line":44,"column":5}},{"start":{},"end":{}}],"line":42},"2":{"loc":{"start":{"line":58,"column":4},"end":{"line":60,"column":5}},"type":"if","locations":[{"start":{"line":58,"column":4},"end":{"line":60,"column":5}},{"start":{},"end":{}}],"line":58},"3":{"loc":{"start":{"line":78,"column":4},"end":{"line":80,"column":5}},"type":"if","locations":[{"start":{"line":78,"column":4},"end":{"line":80,"column":5}},{"start":{},"end":{}}],"line":78}},"s":{"0":3,"1":3,"2":3,"3":1,"4":1,"5":1,"6":1,"7":0,"8":0,"9":3,"10":12,"11":12,"12":12,"13":12,"14":12,"15":12,"16":0,"17":0,"18":3,"19":1,"20":1,"21":0,"22":1,"23":1,"24":1,"25":1,"26":0,"27":1,"28":0,"29":0,"30":3,"31":1,"32":1,"33":1,"34":1,"35":1,"36":0,"37":1,"38":0,"39":0,"40":3,"41":1,"42":1,"43":1,"44":1,"45":1,"46":0,"47":1,"48":0,"49":0,"50":3},"f":{"0":1,"1":12,"2":1,"3":1,"4":1},"b":{"0":[0,1],"1":[0,1],"2":[0,1],"3":[0,1]},"_coverageSchema":"1a1c01bbd47fc00a2c39e90264f33305004495a9","hash":"7046782097ea5823f38311e05b18af2e9825e813"}
,"C:\\Users\\bober\\Desktop\\PROJECT\\PROJECT\\SPRINT2to4\\backend\\controllers\\userController.js": {"path":"C:\\Users\\bober\\Desktop\\PROJECT\\PROJECT\\SPRINT2to4\\backend\\controllers\\userController.js","statementMap":{"0":{"start":{"line":1,"column":13},"end":{"line":1,"column":43}},"1":{"start":{"line":2,"column":12},"end":{"line":2,"column":35}},"2":{"start":{"line":4,"column":20},"end":{"line":6,"column":1}},"3":{"start":{"line":5,"column":2},"end":{"line":5,"column":68}},"4":{"start":{"line":9,"column":19},"end":{"line":22,"column":1}},"5":{"start":{"line":10,"column":40},"end":{"line":10,"column":48}},"6":{"start":{"line":12,"column":2},"end":{"line":21,"column":3}},"7":{"start":{"line":13,"column":17},"end":{"line":13,"column":61}},"8":{"start":{"line":16,"column":18},"end":{"line":16,"column":39}},"9":{"start":{"line":18,"column":4},"end":{"line":18,"column":80}},"10":{"start":{"line":20,"column":4},"end":{"line":20,"column":51}},"11":{"start":{"line":25,"column":18},"end":{"line":38,"column":1}},"12":{"start":{"line":26,"column":33},"end":{"line":26,"column":41}},"13":{"start":{"line":28,"column":2},"end":{"line":37,"column":3}},"14":{"start":{"line":29,"column":17},"end":{"line":29,"column":53}},"15":{"start":{"line":32,"column":18},"end":{"line":32,"column":39}},"16":{"start":{"line":34,"column":4},"end":{"line":34,"column":46}},"17":{"start":{"line":36,"column":4},"end":{"line":36,"column":51}},"18":{"start":{"line":41,"column":20},"end":{"line":49,"column":1}},"19":{"start":{"line":42,"column":2},"end":{"line":48,"column":3}},"20":{"start":{"line":43,"column":18},"end":{"line":43,"column":62}},"21":{"start":{"line":45,"column":4},"end":{"line":45,"column":32}},"22":{"start":{"line":47,"column":4},"end":{"line":47,"column":51}},"23":{"start":{"line":52,"column":26},"end":{"line":67,"column":1}},"24":{"start":{"line":53,"column":23},"end":{"line":53,"column":33}},"25":{"start":{"line":55,"column":2},"end":{"line":66,"column":3}},"26":{"start":{"line":56,"column":17},"end":{"line":56,"column":74}},"27":{"start":{"line":58,"column":4},"end":{"line":60,"column":5}},"28":{"start":{"line":59,"column":6},"end":{"line":59,"column":63}},"29":{"start":{"line":62,"column":4},"end":{"line":62,"column":31}},"30":{"start":{"line":65,"column":4},"end":{"line":65,"column":51}},"31":{"start":{"line":70,"column":29},"end":{"line":93,"column":1}},"32":{"start":{"line":71,"column":23},"end":{"line":71,"column":33}},"33":{"start":{"line":72,"column":20},"end":{"line":72,"column":28}},"34":{"start":{"line":73,"column":23},"end":{"line":73,"column":31}},"35":{"start":{"line":75,"column":2},"end":{"line":92,"column":3}},"36":{"start":{"line":76,"column":17},"end":{"line":78,"column":6}},"37":{"start":{"line":80,"column":4},"end":{"line":82,"column":5}},"38":{"start":{"line":81,"column":6},"end":{"line":81,"column":63}},"39":{"start":{"line":84,"column":4},"end":{"line":84,"column":23}},"40":{"start":{"line":85,"column":4},"end":{"line":85,"column":29}},"41":{"start":{"line":86,"column":4},"end":{"line":86,"column":22}},"42":{"start":{"line":88,"column":4},"end":{"line":88,"column":31}},"43":{"start":{"line":91,"column":4},"end":{"line":91,"column":51}},"44":{"start":{"line":95,"column":0},"end":{"line":95,"column":97}}},"fnMap":{"0":{"name":"(anonymous_0)","decl":{"start":{"line":4,"column":20},"end":{"line":4,"column":21}},"loc":{"start":{"line":4,"column":29},"end":{"line":6,"column":1}},"line":4},"1":{"name":"(anonymous_1)","decl":{"start":{"line":9,"column":19},"end":{"line":9,"column":20}},"loc":{"start":{"line":9,"column":39},"end":{"line":22,"column":1}},"line":9},"2":{"name":"(anonymous_2)","decl":{"start":{"line":25,"column":18},"end":{"line":25,"column":19}},"loc":{"start":{"line":25,"column":38},"end":{"line":38,"column":1}},"line":25},"3":{"name":"(anonymous_3)","decl":{"start":{"line":41,"column":20},"end":{"line":41,"column":21}},"loc":{"start":{"line":41,"column":40},"end":{"line":49,"column":1}},"line":41},"4":{"name":"(anonymous_4)","decl":{"start":{"line":52,"column":26},"end":{"line":52,"column":27}},"loc":{"start":{"line":52,"column":46},"end":{"line":67,"column":1}},"line":52},"5":{"name":"(anonymous_5)","decl":{"start":{"line":70,"column":29},"end":{"line":70,"column":30}},"loc":{"start":{"line":70,"column":49},"end":{"line":93,"column":1}},"line":70}},"branchMap":{"0":{"loc":{"start":{"line":58,"column":4},"end":{"line":60,"column":5}},"type":"if","locations":[{"start":{"line":58,"column":4},"end":{"line":60,"column":5}},{"start":{},"end":{}}],"line":58},"1":{"loc":{"start":{"line":80,"column":4},"end":{"line":82,"column":5}},"type":"if","locations":[{"start":{"line":80,"column":4},"end":{"line":82,"column":5}},{"start":{},"end":{}}],"line":80}},"s":{"0":3,"1":3,"2":3,"3":4,"4":3,"5":4,"6":4,"7":4,"8":3,"9":3,"10":1,"11":3,"12":2,"13":2,"14":2,"15":1,"16":1,"17":1,"18":3,"19":1,"20":1,"21":1,"22":0,"23":3,"24":2,"25":2,"26":2,"27":2,"28":1,"29":1,"30":0,"31":3,"32":2,"33":2,"34":2,"35":2,"36":2,"37":2,"38":1,"39":1,"40":1,"41":1,"42":1,"43":0,"44":3},"f":{"0":4,"1":4,"2":2,"3":1,"4":2,"5":2},"b":{"0":[1,1],"1":[1,1]},"_coverageSchema":"1a1c01bbd47fc00a2c39e90264f33305004495a9","hash":"e6bacf9df2f3c631be9f3ac3d2fad5241c49a817"}
,"C:\\Users\\bober\\Desktop\\PROJECT\\PROJECT\\SPRINT2to4\\backend\\middleware\\customMiddleware.js": {"path":"C:\\Users\\bober\\Desktop\\PROJECT\\PROJECT\\SPRINT2to4\\backend\\middleware\\customMiddleware.js","statementMap":{"0":{"start":{"line":1,"column":22},"end":{"line":7,"column":1}},"1":{"start":{"line":2,"column":24},"end":{"line":2,"column":97}},"2":{"start":{"line":3,"column":24},"end":{"line":3,"column":95}},"3":{"start":{"line":4,"column":24},"end":{"line":4,"column":95}},"4":{"start":{"line":5,"column":24},"end":{"line":5,"column":77}},"5":{"start":{"line":6,"column":4},"end":{"line":6,"column":11}},"6":{"start":{"line":9,"column":24},"end":{"line":11,"column":1}},"7":{"start":{"line":10,"column":4},"end":{"line":10,"column":61}},"8":{"start":{"line":13,"column":21},"end":{"line":20,"column":1}},"9":{"start":{"line":14,"column":4},"end":{"line":14,"column":33}},"10":{"start":{"line":16,"column":4},"end":{"line":16,"column":25}},"11":{"start":{"line":17,"column":4},"end":{"line":19,"column":7}},"12":{"start":{"line":22,"column":0},"end":{"line":26,"column":2}},"13":{"start":{"line":33,"column":85},"end":{"line":33,"column":37416}},"14":{"start":{"line":33,"column":89},"end":{"line":33,"column":37405}}},"fnMap":{"0":{"name":"(anonymous_0)","decl":{"start":{"line":1,"column":22},"end":{"line":1,"column":23}},"loc":{"start":{"line":1,"column":51},"end":{"line":7,"column":1}},"line":1},"1":{"name":"(anonymous_1)","decl":{"start":{"line":9,"column":24},"end":{"line":9,"column":25}},"loc":{"start":{"line":9,"column":47},"end":{"line":11,"column":1}},"line":9},"2":{"name":"(anonymous_2)","decl":{"start":{"line":13,"column":21},"end":{"line":13,"column":22}},"loc":{"start":{"line":13,"column":57},"end":{"line":20,"column":1}},"line":13},"3":{"name":"oo_cm","decl":{"start":{"line":33,"column":77},"end":{"line":33,"column":82}},"loc":{"start":{"line":33,"column":84},"end":{"line":33,"column":37417}},"line":33}},"branchMap":{"0":{"loc":{"start":{"line":33,"column":96},"end":{"line":33,"column":37404}},"type":"binary-expr","locations":[{"start":{"line":33,"column":96},"end":{"line":33,"column":133}},{"start":{"line":33,"column":137},"end":{"line":33,"column":37404}}],"line":33}},"s":{"0":3,"1":29,"2":29,"3":29,"4":29,"5":29,"6":3,"7":0,"8":3,"9":0,"10":0,"11":0,"12":3,"13":116,"14":116},"f":{"0":29,"1":0,"2":0,"3":116},"b":{"0":[116,0]},"_coverageSchema":"1a1c01bbd47fc00a2c39e90264f33305004495a9","hash":"a0e08e4e46dfef1d61901db4876ebf9a413153d1"}
,"C:\\Users\\bober\\Desktop\\PROJECT\\PROJECT\\SPRINT2to4\\backend\\middleware\\requireAuth.js": {"path":"C:\\Users\\bober\\Desktop\\PROJECT\\PROJECT\\SPRINT2to4\\backend\\middleware\\requireAuth.js","statementMap":{"0":{"start":{"line":1,"column":12},"end":{"line":1,"column":35}},"1":{"start":{"line":2,"column":13},"end":{"line":2,"column":43}},"2":{"start":{"line":4,"column":20},"end":{"line":23,"column":1}},"3":{"start":{"line":6,"column":31},"end":{"line":6,"column":42}},"4":{"start":{"line":8,"column":5},"end":{"line":10,"column":6}},"5":{"start":{"line":9,"column":7},"end":{"line":9,"column":78}},"6":{"start":{"line":12,"column":19},"end":{"line":12,"column":46}},"7":{"start":{"line":14,"column":5},"end":{"line":22,"column":6}},"8":{"start":{"line":15,"column":23},"end":{"line":15,"column":60}},"9":{"start":{"line":17,"column":7},"end":{"line":17,"column":60}},"10":{"start":{"line":18,"column":7},"end":{"line":18,"column":14}},"11":{"start":{"line":20,"column":27},"end":{"line":20,"column":82}},"12":{"start":{"line":21,"column":7},"end":{"line":21,"column":68}},"13":{"start":{"line":25,"column":0},"end":{"line":25,"column":29}},"14":{"start":{"line":32,"column":85},"end":{"line":32,"column":37416}},"15":{"start":{"line":32,"column":89},"end":{"line":32,"column":37405}}},"fnMap":{"0":{"name":"(anonymous_0)","decl":{"start":{"line":4,"column":20},"end":{"line":4,"column":21}},"loc":{"start":{"line":4,"column":46},"end":{"line":23,"column":1}},"line":4},"1":{"name":"oo_cm","decl":{"start":{"line":32,"column":77},"end":{"line":32,"column":82}},"loc":{"start":{"line":32,"column":84},"end":{"line":32,"column":37417}},"line":32}},"branchMap":{"0":{"loc":{"start":{"line":8,"column":5},"end":{"line":10,"column":6}},"type":"if","locations":[{"start":{"line":8,"column":5},"end":{"line":10,"column":6}},{"start":{},"end":{}}],"line":8},"1":{"loc":{"start":{"line":32,"column":96},"end":{"line":32,"column":37404}},"type":"binary-expr","locations":[{"start":{"line":32,"column":96},"end":{"line":32,"column":133}},{"start":{"line":32,"column":137},"end":{"line":32,"column":37404}}],"line":32}},"s":{"0":3,"1":3,"2":3,"3":20,"4":20,"5":0,"6":20,"7":20,"8":20,"9":20,"10":20,"11":0,"12":0,"13":3,"14":0,"15":0},"f":{"0":20,"1":0},"b":{"0":[0,20],"1":[0,0]},"_coverageSchema":"1a1c01bbd47fc00a2c39e90264f33305004495a9","hash":"d893127664063820bc3e0809e8dbcedb6a2e8873"}
,"C:\\Users\\bober\\Desktop\\PROJECT\\PROJECT\\SPRINT2to4\\backend\\models\\commentModel.js": {"path":"C:\\Users\\bober\\Desktop\\PROJECT\\PROJECT\\SPRINT2to4\\backend\\models\\commentModel.js","statementMap":{"0":{"start":{"line":1,"column":17},"end":{"line":1,"column":36}},"1":{"start":{"line":3,"column":22},"end":{"line":7,"column":24}},"2":{"start":{"line":9,"column":0},"end":{"line":9,"column":58}}},"fnMap":{},"branchMap":{},"s":{"0":3,"1":3,"2":3},"f":{},"b":{},"_coverageSchema":"1a1c01bbd47fc00a2c39e90264f33305004495a9","hash":"469fa9b13fa3b5f1da2b125d9c09b1197bb23720"}
,"C:\\Users\\bober\\Desktop\\PROJECT\\PROJECT\\SPRINT2to4\\backend\\models\\postModel.js": {"path":"C:\\Users\\bober\\Desktop\\PROJECT\\PROJECT\\SPRINT2to4\\backend\\models\\postModel.js","statementMap":{"0":{"start":{"line":1,"column":17},"end":{"line":1,"column":36}},"1":{"start":{"line":3,"column":19},"end":{"line":7,"column":24}},"2":{"start":{"line":9,"column":0},"end":{"line":9,"column":52}}},"fnMap":{},"branchMap":{},"s":{"0":3,"1":3,"2":3},"f":{},"b":{},"_coverageSchema":"1a1c01bbd47fc00a2c39e90264f33305004495a9","hash":"669913e81e912b6f85de3aeed483d1b1025ef3be"}
,"C:\\Users\\bober\\Desktop\\PROJECT\\PROJECT\\SPRINT2to4\\backend\\models\\userModel.js": {"path":"C:\\Users\\bober\\Desktop\\PROJECT\\PROJECT\\SPRINT2to4\\backend\\models\\userModel.js","statementMap":{"0":{"start":{"line":1,"column":17},"end":{"line":1,"column":36}},"1":{"start":{"line":2,"column":15},"end":{"line":2,"column":32}},"2":{"start":{"line":3,"column":18},"end":{"line":3,"column":38}},"3":{"start":{"line":5,"column":15},"end":{"line":5,"column":30}},"4":{"start":{"line":7,"column":19},"end":{"line":22,"column":2}},"5":{"start":{"line":25,"column":0},"end":{"line":49,"column":2}},"6":{"start":{"line":27,"column":4},"end":{"line":29,"column":5}},"7":{"start":{"line":28,"column":8},"end":{"line":28,"column":49}},"8":{"start":{"line":30,"column":4},"end":{"line":32,"column":5}},"9":{"start":{"line":31,"column":8},"end":{"line":31,"column":39}},"10":{"start":{"line":33,"column":4},"end":{"line":35,"column":5}},"11":{"start":{"line":34,"column":8},"end":{"line":34,"column":50}},"12":{"start":{"line":37,"column":19},"end":{"line":37,"column":73}},"13":{"start":{"line":39,"column":4},"end":{"line":41,"column":5}},"14":{"start":{"line":40,"column":8},"end":{"line":40,"column":56}},"15":{"start":{"line":43,"column":17},"end":{"line":43,"column":41}},"16":{"start":{"line":44,"column":17},"end":{"line":44,"column":50}},"17":{"start":{"line":46,"column":17},"end":{"line":46,"column":71}},"18":{"start":{"line":48,"column":4},"end":{"line":48,"column":16}},"19":{"start":{"line":52,"column":0},"end":{"line":68,"column":2}},"20":{"start":{"line":53,"column":4},"end":{"line":55,"column":5}},"21":{"start":{"line":54,"column":8},"end":{"line":54,"column":49}},"22":{"start":{"line":57,"column":17},"end":{"line":57,"column":49}},"23":{"start":{"line":58,"column":4},"end":{"line":60,"column":5}},"24":{"start":{"line":59,"column":8},"end":{"line":59,"column":42}},"25":{"start":{"line":62,"column":18},"end":{"line":62,"column":63}},"26":{"start":{"line":63,"column":4},"end":{"line":65,"column":5}},"27":{"start":{"line":64,"column":8},"end":{"line":64,"column":42}},"28":{"start":{"line":67,"column":4},"end":{"line":67,"column":16}},"29":{"start":{"line":70,"column":0},"end":{"line":70,"column":52}}},"fnMap":{"0":{"name":"(anonymous_0)","decl":{"start":{"line":25,"column":28},"end":{"line":25,"column":29}},"loc":{"start":{"line":25,"column":71},"end":{"line":49,"column":1}},"line":25},"1":{"name":"(anonymous_1)","decl":{"start":{"line":52,"column":27},"end":{"line":52,"column":28}},"loc":{"start":{"line":52,"column":63},"end":{"line":68,"column":1}},"line":52}},"branchMap":{"0":{"loc":{"start":{"line":27,"column":4},"end":{"line":29,"column":5}},"type":"if","locations":[{"start":{"line":27,"column":4},"end":{"line":29,"column":5}},{"start":{},"end":{}}],"line":27},"1":{"loc":{"start":{"line":27,"column":8},"end":{"line":27,"column":40}},"type":"binary-expr","locations":[{"start":{"line":27,"column":8},"end":{"line":27,"column":17}},{"start":{"line":27,"column":21},"end":{"line":27,"column":27}},{"start":{"line":27,"column":31},"end":{"line":27,"column":40}}],"line":27},"2":{"loc":{"start":{"line":30,"column":4},"end":{"line":32,"column":5}},"type":"if","locations":[{"start":{"line":30,"column":4},"end":{"line":32,"column":5}},{"start":{},"end":{}}],"line":30},"3":{"loc":{"start":{"line":33,"column":4},"end":{"line":35,"column":5}},"type":"if","locations":[{"start":{"line":33,"column":4},"end":{"line":35,"column":5}},{"start":{},"end":{}}],"line":33},"4":{"loc":{"start":{"line":39,"column":4},"end":{"line":41,"column":5}},"type":"if","locations":[{"start":{"line":39,"column":4},"end":{"line":41,"column":5}},{"start":{},"end":{}}],"line":39},"5":{"loc":{"start":{"line":53,"column":4},"end":{"line":55,"column":5}},"type":"if","locations":[{"start":{"line":53,"column":4},"end":{"line":55,"column":5}},{"start":{},"end":{}}],"line":53},"6":{"loc":{"start":{"line":53,"column":8},"end":{"line":53,"column":30}},"type":"binary-expr","locations":[{"start":{"line":53,"column":8},"end":{"line":53,"column":17}},{"start":{"line":53,"column":21},"end":{"line":53,"column":30}}],"line":53},"7":{"loc":{"start":{"line":58,"column":4},"end":{"line":60,"column":5}},"type":"if","locations":[{"start":{"line":58,"column":4},"end":{"line":60,"column":5}},{"start":{},"end":{}}],"line":58},"8":{"loc":{"start":{"line":63,"column":4},"end":{"line":65,"column":5}},"type":"if","locations":[{"start":{"line":63,"column":4},"end":{"line":65,"column":5}},{"start":{},"end":{}}],"line":63}},"s":{"0":3,"1":3,"2":3,"3":3,"4":3,"5":3,"6":4,"7":0,"8":4,"9":0,"10":4,"11":1,"12":3,"13":3,"14":0,"15":3,"16":3,"17":3,"18":3,"19":3,"20":2,"21":0,"22":2,"23":2,"24":0,"25":2,"26":2,"27":1,"28":1,"29":3},"f":{"0":4,"1":2},"b":{"0":[0,4],"1":[4,4,4],"2":[0,4],"3":[1,3],"4":[0,3],"5":[0,2],"6":[2,2],"7":[0,2],"8":[1,1]},"_coverageSchema":"1a1c01bbd47fc00a2c39e90264f33305004495a9","hash":"737e9db8b53372d520dc08edbe13b2513714a24b"}
,"C:\\Users\\bober\\Desktop\\PROJECT\\PROJECT\\SPRINT2to4\\backend\\routers\\commentRouter.js": {"path":"C:\\Users\\bober\\Desktop\\PROJECT\\PROJECT\\SPRINT2to4\\backend\\routers\\commentRouter.js","statementMap":{"0":{"start":{"line":1,"column":15},"end":{"line":1,"column":42}},"1":{"start":{"line":2,"column":36},"end":{"line":2,"column":79}},"2":{"start":{"line":3,"column":20},"end":{"line":3,"column":56}},"3":{"start":{"line":6,"column":0},"end":{"line":6,"column":24}},"4":{"start":{"line":9,"column":0},"end":{"line":9,"column":45}},"5":{"start":{"line":12,"column":0},"end":{"line":12,"column":45}},"6":{"start":{"line":14,"column":0},"end":{"line":14,"column":24}}},"fnMap":{},"branchMap":{},"s":{"0":3,"1":3,"2":3,"3":3,"4":3,"5":3,"6":3},"f":{},"b":{},"_coverageSchema":"1a1c01bbd47fc00a2c39e90264f33305004495a9","hash":"9e4b0f722b1f6c24250d0976fad5e8c0ae77bf21"}
,"C:\\Users\\bober\\Desktop\\PROJECT\\PROJECT\\SPRINT2to4\\backend\\routers\\postRouter.js": {"path":"C:\\Users\\bober\\Desktop\\PROJECT\\PROJECT\\SPRINT2to4\\backend\\routers\\postRouter.js","statementMap":{"0":{"start":{"line":1,"column":16},"end":{"line":1,"column":34}},"1":{"start":{"line":2,"column":15},"end":{"line":2,"column":31}},"2":{"start":{"line":3,"column":63},"end":{"line":3,"column":103}},"3":{"start":{"line":4,"column":20},"end":{"line":4,"column":56}},"4":{"start":{"line":7,"column":0},"end":{"line":7,"column":24}},"5":{"start":{"line":10,"column":0},"end":{"line":10,"column":26}},"6":{"start":{"line":13,"column":0},"end":{"line":13,"column":26}},"7":{"start":{"line":16,"column":0},"end":{"line":16,"column":28}},"8":{"start":{"line":19,"column":0},"end":{"line":19,"column":34}},"9":{"start":{"line":22,"column":0},"end":{"line":22,"column":31}},"10":{"start":{"line":24,"column":0},"end":{"line":24,"column":24}}},"fnMap":{},"branchMap":{},"s":{"0":3,"1":3,"2":3,"3":3,"4":3,"5":3,"6":3,"7":3,"8":3,"9":3,"10":3},"f":{},"b":{},"_coverageSchema":"1a1c01bbd47fc00a2c39e90264f33305004495a9","hash":"1b723e04baac5a90214cd3074492a72e3e9caa7e"}
,"C:\\Users\\bober\\Desktop\\PROJECT\\PROJECT\\SPRINT2to4\\backend\\routers\\userRouter.js": {"path":"C:\\Users\\bober\\Desktop\\PROJECT\\PROJECT\\SPRINT2to4\\backend\\routers\\userRouter.js","statementMap":{"0":{"start":{"line":1,"column":16},"end":{"line":1,"column":34}},"1":{"start":{"line":2,"column":15},"end":{"line":2,"column":31}},"2":{"start":{"line":3,"column":88},"end":{"line":3,"column":128}},"3":{"start":{"line":6,"column":0},"end":{"line":6,"column":33}},"4":{"start":{"line":9,"column":0},"end":{"line":9,"column":35}},"5":{"start":{"line":12,"column":0},"end":{"line":12,"column":29}},"6":{"start":{"line":15,"column":0},"end":{"line":15,"column":44}},"7":{"start":{"line":18,"column":0},"end":{"line":18,"column":49}},"8":{"start":{"line":20,"column":0},"end":{"line":20,"column":24}}},"fnMap":{},"branchMap":{},"s":{"0":3,"1":3,"2":3,"3":3,"4":3,"5":3,"6":3,"7":3,"8":3},"f":{},"b":{},"_coverageSchema":"1a1c01bbd47fc00a2c39e90264f33305004495a9","hash":"8230d8dedfbe61ee92cb1a47a2d1201e84711f34"}
}
